TN:
SF:components/VideoPlayerCore/utils.ts
FN:8,(anonymous_0)
FN:24,(anonymous_1)
FN:31,(anonymous_2)
FNF:3
FNH:0
FNDA:0,(anonymous_0)
FNDA:0,(anonymous_1)
FNDA:0,(anonymous_2)
DA:8,0
DA:9,0
DA:10,0
DA:11,0
DA:12,0
DA:13,0
DA:15,0
DA:16,0
DA:18,0
DA:24,0
DA:25,0
DA:31,0
DA:32,0
DA:33,0
DA:39,0
LF:15
LH:0
BRDA:9,0,0,0
BRDA:9,0,1,0
BRDA:9,1,0,0
BRDA:9,1,1,0
BRDA:15,2,0,0
BRDA:15,2,1,0
BRDA:32,3,0,0
BRDA:32,3,1,0
BRDA:32,4,0,0
BRDA:32,4,1,0
BRF:10
BRH:0
end_of_record
TN:
SF:hooks/use-live.ts
FN:36,(anonymous_0)
FN:40,(anonymous_1)
FN:65,(anonymous_2)
FN:99,(anonymous_3)
FN:111,(anonymous_4)
FN:121,(anonymous_5)
FN:172,(anonymous_6)
FN:176,(anonymous_7)
FN:189,(anonymous_8)
FN:195,(anonymous_9)
FN:200,(anonymous_10)
FN:217,(anonymous_11)
FN:230,(anonymous_12)
FN:240,(anonymous_13)
FN:246,(anonymous_14)
FN:256,(anonymous_15)
FN:258,(anonymous_16)
FN:266,(anonymous_17)
FN:267,(anonymous_18)
FN:275,(anonymous_19)
FN:288,(anonymous_20)
FN:298,(anonymous_21)
FN:309,(anonymous_22)
FN:315,(anonymous_23)
FN:324,(anonymous_24)
FN:333,(anonymous_25)
FN:343,(anonymous_26)
FN:353,(anonymous_27)
FN:359,(anonymous_28)
FN:365,(anonymous_29)
FN:374,(anonymous_30)
FN:375,(anonymous_31)
FN:377,(anonymous_32)
FNF:33
FNH:0
FNDA:0,(anonymous_0)
FNDA:0,(anonymous_1)
FNDA:0,(anonymous_2)
FNDA:0,(anonymous_3)
FNDA:0,(anonymous_4)
FNDA:0,(anonymous_5)
FNDA:0,(anonymous_6)
FNDA:0,(anonymous_7)
FNDA:0,(anonymous_8)
FNDA:0,(anonymous_9)
FNDA:0,(anonymous_10)
FNDA:0,(anonymous_11)
FNDA:0,(anonymous_12)
FNDA:0,(anonymous_13)
FNDA:0,(anonymous_14)
FNDA:0,(anonymous_15)
FNDA:0,(anonymous_16)
FNDA:0,(anonymous_17)
FNDA:0,(anonymous_18)
FNDA:0,(anonymous_19)
FNDA:0,(anonymous_20)
FNDA:0,(anonymous_21)
FNDA:0,(anonymous_22)
FNDA:0,(anonymous_23)
FNDA:0,(anonymous_24)
FNDA:0,(anonymous_25)
FNDA:0,(anonymous_26)
FNDA:0,(anonymous_27)
FNDA:0,(anonymous_28)
FNDA:0,(anonymous_29)
FNDA:0,(anonymous_30)
FNDA:0,(anonymous_31)
FNDA:0,(anonymous_32)
DA:1,0
DA:2,0
DA:3,0
DA:4,0
DA:5,0
DA:36,0
DA:37,0
DA:39,0
DA:40,0
DA:41,0
DA:42,0
DA:48,0
DA:52,0
DA:53,0
DA:54,0
DA:55,0
DA:58,0
DA:63,0
DA:64,0
DA:70,0
DA:71,0
DA:72,0
DA:73,0
DA:78,0
DA:79,0
DA:82,0
DA:87,0
DA:89,0
DA:95,0
DA:96,0
DA:97,0
DA:98,0
DA:99,0
DA:100,0
DA:104,0
DA:105,0
DA:111,0
DA:112,0
DA:113,0
DA:114,0
DA:115,0
DA:116,0
DA:117,0
DA:120,0
DA:129,0
DA:130,0
DA:131,0
DA:132,0
DA:133,0
DA:134,0
DA:135,0
DA:136,0
DA:137,0
DA:138,0
DA:143,0
DA:144,0
DA:155,0
DA:156,0
DA:157,0
DA:165,0
DA:169,0
DA:171,0
DA:175,0
DA:176,0
DA:181,0
DA:182,0
DA:183,0
DA:184,0
DA:185,0
DA:186,0
DA:187,0
DA:188,0
DA:189,0
DA:190,0
DA:194,0
DA:195,0
DA:196,0
DA:197,0
DA:200,0
DA:201,0
DA:202,0
DA:203,0
DA:209,0
DA:211,0
DA:212,0
DA:214,0
DA:217,0
DA:218,0
DA:219,0
DA:220,0
DA:222,0
DA:223,0
DA:224,0
DA:225,0
DA:227,0
DA:230,0
DA:231,0
DA:232,0
DA:233,0
DA:234,0
DA:235,0
DA:236,0
DA:240,0
DA:241,0
DA:242,0
DA:246,0
DA:247,0
DA:248,0
DA:249,0
DA:250,0
DA:252,0
DA:253,0
DA:254,0
DA:258,0
DA:259,0
DA:260,0
DA:261,0
DA:262,0
DA:263,0
DA:264,0
DA:267,0
DA:268,0
DA:269,0
DA:270,0
DA:275,0
DA:276,0
DA:277,0
DA:278,0
DA:279,0
DA:281,0
DA:282,0
DA:283,0
DA:286,0
DA:287,0
DA:288,0
DA:289,0
DA:290,0
DA:291,0
DA:292,0
DA:296,0
DA:297,0
DA:298,0
DA:299,0
DA:302,0
DA:307,0
DA:308,0
DA:309,0
DA:310,0
DA:312,0
DA:314,0
DA:315,0
DA:316,0
DA:317,0
DA:318,0
DA:324,0
DA:325,0
DA:326,0
DA:327,0
DA:328,0
DA:331,0
DA:332,0
DA:333,0
DA:334,0
DA:335,0
DA:336,0
DA:337,0
DA:341,0
DA:342,0
DA:343,0
DA:344,0
DA:347,0
DA:348,0
DA:349,0
DA:350,0
DA:353,0
DA:354,0
DA:357,0
DA:358,0
DA:359,0
DA:360,0
DA:362,0
DA:364,0
DA:365,0
DA:366,0
DA:367,0
DA:368,0
DA:374,0
DA:375,0
DA:376,0
DA:378,0
DA:384,0
DA:403,0
LF:192
LH:0
BRDA:41,0,0,0
BRDA:41,0,1,0
BRDA:70,1,0,0
BRDA:70,1,1,0
BRDA:73,2,0,0
BRDA:73,2,1,0
BRDA:74,3,0,0
BRDA:74,3,1,0
BRDA:74,3,2,0
BRDA:82,4,0,0
BRDA:82,4,1,0
BRDA:83,5,0,0
BRDA:83,5,1,0
BRDA:83,5,2,0
BRDA:95,6,0,0
BRDA:95,6,1,0
BRDA:95,7,0,0
BRDA:95,7,1,0
BRDA:96,8,0,0
BRDA:96,8,1,0
BRDA:96,9,0,0
BRDA:96,9,1,0
BRDA:97,10,0,0
BRDA:97,10,1,0
BRDA:97,11,0,0
BRDA:97,11,1,0
BRDA:100,12,0,0
BRDA:100,12,1,0
BRDA:101,13,0,0
BRDA:101,13,1,0
BRDA:101,13,2,0
BRDA:101,13,3,0
BRDA:132,14,0,0
BRDA:132,14,1,0
BRDA:133,15,0,0
BRDA:133,15,1,0
BRDA:139,16,0,0
BRDA:139,16,1,0
BRDA:139,17,0,0
BRDA:139,17,1,0
BRDA:139,17,2,0
BRDA:139,17,3,0
BRDA:156,18,0,0
BRDA:156,18,1,0
BRDA:202,19,0,0
BRDA:202,19,1,0
BRDA:202,20,0,0
BRDA:202,20,1,0
BRDA:218,21,0,0
BRDA:218,21,1,0
BRDA:218,22,0,0
BRDA:218,22,1,0
BRDA:225,23,0,0
BRDA:225,23,1,0
BRDA:231,24,0,0
BRDA:231,24,1,0
BRDA:233,25,0,0
BRDA:233,25,1,0
BRDA:236,26,0,0
BRDA:236,26,1,0
BRDA:241,27,0,0
BRDA:241,27,1,0
BRDA:246,28,0,0
BRDA:246,28,1,0
BRDA:248,29,0,0
BRDA:248,29,1,0
BRDA:252,30,0,0
BRDA:252,30,1,0
BRDA:258,31,0,0
BRDA:258,31,1,0
BRDA:260,32,0,0
BRDA:260,32,1,0
BRDA:262,33,0,0
BRDA:262,33,1,0
BRDA:276,34,0,0
BRDA:276,34,1,0
BRDA:276,35,0,0
BRDA:276,35,1,0
BRDA:277,36,0,0
BRDA:277,36,1,0
BRDA:281,37,0,0
BRDA:281,37,1,0
BRDA:289,38,0,0
BRDA:289,38,1,0
BRDA:296,39,0,0
BRDA:296,39,1,0
BRDA:298,40,0,0
BRDA:298,40,1,0
BRDA:307,41,0,0
BRDA:307,41,1,0
BRDA:309,42,0,0
BRDA:309,42,1,0
BRDA:316,43,0,0
BRDA:316,43,1,0
BRDA:325,44,0,0
BRDA:325,44,1,0
BRDA:325,45,0,0
BRDA:325,45,1,0
BRDA:326,46,0,0
BRDA:326,46,1,0
BRDA:334,47,0,0
BRDA:334,47,1,0
BRDA:341,48,0,0
BRDA:341,48,1,0
BRDA:341,49,0,0
BRDA:341,49,1,0
BRDA:343,50,0,0
BRDA:343,50,1,0
BRDA:347,51,0,0
BRDA:347,51,1,0
BRDA:349,52,0,0
BRDA:349,52,1,0
BRDA:353,53,0,0
BRDA:353,53,1,0
BRDA:357,54,0,0
BRDA:357,54,1,0
BRDA:359,55,0,0
BRDA:359,55,1,0
BRDA:366,56,0,0
BRDA:366,56,1,0
BRDA:378,57,0,0
BRDA:378,57,1,0
BRF:122
BRH:0
end_of_record
TN:
SF:hooks/use-signer.ts
FN:5,useSigner
FN:8,(anonymous_1)
FNF:2
FNH:0
FNDA:0,useSigner
FNDA:0,(anonymous_1)
DA:1,0
DA:2,0
DA:3,0
DA:5,0
DA:6,0
DA:8,0
DA:9,0
DA:10,0
DA:11,0
LF:9
LH:0
BRDA:9,0,0,0
BRDA:9,0,1,0
BRF:2
BRH:0
end_of_record
TN:
SF:hooks/use-web3.ts
FN:16,loadEthers
FN:17,(anonymous_11)
FN:26,useWeb3Provider
FN:38,buildContract
FN:81,deriveSignerOrProvider
FN:257,useEthersContract
FN:267,useERC20Contract
FN:271,(anonymous_17)
FN:277,(anonymous_18)
FN:285,(anonymous_19)
FN:292,useStreamControllerContract
FN:295,(anonymous_21)
FN:306,(anonymous_22)
FN:319,(anonymous_23)
FN:326,useStreamCollectionContract
FN:329,(anonymous_25)
FN:340,(anonymous_26)
FN:348,(anonymous_27)
FN:356,ensureAllowance
FNF:19
FNH:0
FNDA:0,loadEthers
FNDA:0,(anonymous_11)
FNDA:0,useWeb3Provider
FNDA:0,buildContract
FNDA:0,deriveSignerOrProvider
FNDA:0,useEthersContract
FNDA:0,useERC20Contract
FNDA:0,(anonymous_17)
FNDA:0,(anonymous_18)
FNDA:0,(anonymous_19)
FNDA:0,useStreamControllerContract
FNDA:0,(anonymous_21)
FNDA:0,(anonymous_22)
FNDA:0,(anonymous_23)
FNDA:0,useStreamCollectionContract
FNDA:0,(anonymous_25)
FNDA:0,(anonymous_26)
FNDA:0,(anonymous_27)
FNDA:0,ensureAllowance
DA:1,0
DA:2,0
DA:3,0
DA:4,0
DA:5,0
DA:6,0
DA:7,0
DA:11,0
DA:12,0
DA:13,0
DA:17,0
DA:26,0
DA:27,0
DA:28,0
DA:29,0
DA:44,0
DA:45,0
DA:46,0
DA:47,0
DA:48,0
DA:50,0
DA:55,0
DA:56,0
DA:57,0
DA:58,0
DA:61,0
DA:62,0
DA:66,0
DA:69,0
DA:70,0
DA:72,0
DA:73,0
DA:82,0
DA:83,0
DA:85,0
DA:86,0
DA:87,0
DA:88,0
DA:92,0
DA:93,0
DA:94,0
DA:95,0
DA:96,0
DA:97,0
DA:98,0
DA:100,0
DA:101,0
DA:102,0
DA:105,0
DA:107,0
DA:109,0
DA:115,0
DA:116,0
DA:117,0
DA:119,0
DA:120,0
DA:124,0
DA:125,0
DA:126,0
DA:127,0
DA:130,0
DA:131,0
DA:137,0
DA:139,0
DA:143,0
DA:144,0
DA:145,0
DA:146,0
DA:150,0
DA:151,0
DA:152,0
DA:153,0
DA:157,0
DA:159,0
DA:163,0
DA:164,0
DA:165,0
DA:166,0
DA:167,0
DA:168,0
DA:173,0
DA:176,0
DA:181,0
DA:182,0
DA:183,0
DA:184,0
DA:185,0
DA:188,0
DA:190,0
DA:193,0
DA:197,0
DA:198,0
DA:199,0
DA:200,0
DA:201,0
DA:205,0
DA:206,0
DA:207,0
DA:208,0
DA:209,0
DA:212,0
DA:214,0
DA:218,0
DA:223,0
DA:224,0
DA:225,0
DA:226,0
DA:227,0
DA:228,0
DA:229,0
DA:232,0
DA:234,0
DA:237,0
DA:242,0
DA:245,0
DA:246,0
DA:248,0
DA:253,0
DA:262,0
DA:264,0
DA:267,0
DA:268,0
DA:270,0
DA:271,0
DA:272,0
DA:273,0
DA:274,0
DA:276,0
DA:277,0
DA:278,0
DA:279,0
DA:280,0
DA:282,0
DA:285,0
DA:286,0
DA:289,0
DA:292,0
DA:293,0
DA:294,0
DA:295,0
DA:296,0
DA:297,0
DA:298,0
DA:300,0
DA:301,0
DA:302,0
DA:303,0
DA:305,0
DA:306,0
DA:307,0
DA:308,0
DA:314,0
DA:316,0
DA:319,0
DA:320,0
DA:323,0
DA:326,0
DA:327,0
DA:328,0
DA:329,0
DA:330,0
DA:331,0
DA:332,0
DA:334,0
DA:335,0
DA:336,0
DA:337,0
DA:339,0
DA:340,0
DA:341,0
DA:342,0
DA:343,0
DA:345,0
DA:348,0
DA:349,0
DA:352,0
DA:356,0
DA:362,0
DA:363,0
DA:364,0
DA:365,0
DA:366,0
DA:367,0
DA:368,0
DA:369,0
DA:371,0
DA:372,0
LF:187
LH:0
BRDA:29,0,0,0
BRDA:29,0,1,0
BRDA:42,1,0,0
BRDA:45,2,0,0
BRDA:45,2,1,0
BRDA:46,3,0,0
BRDA:46,3,1,0
BRDA:46,4,0,0
BRDA:46,4,1,0
BRDA:48,5,0,0
BRDA:48,5,1,0
BRDA:55,6,0,0
BRDA:55,6,1,0
BRDA:92,7,0,0
BRDA:92,7,1,0
BRDA:96,8,0,0
BRDA:96,8,1,0
BRDA:115,9,0,0
BRDA:115,9,1,0
BRDA:119,10,0,0
BRDA:119,10,1,0
BRDA:120,11,0,0
BRDA:120,11,1,0
BRDA:124,12,0,0
BRDA:124,12,1,0
BRDA:133,13,0,0
BRDA:133,13,1,0
BRDA:137,14,0,0
BRDA:137,14,1,0
BRDA:144,15,0,0
BRDA:144,15,1,0
BRDA:164,16,0,0
BRDA:164,16,1,0
BRDA:167,17,0,0
BRDA:167,17,1,0
BRDA:181,18,0,0
BRDA:181,18,1,0
BRDA:197,19,0,0
BRDA:197,19,1,0
BRDA:200,20,0,0
BRDA:200,20,1,0
BRDA:205,21,0,0
BRDA:205,21,1,0
BRDA:223,22,0,0
BRDA:223,22,1,0
BRDA:223,23,0,0
BRDA:223,23,1,0
BRDA:226,24,0,0
BRDA:226,24,1,0
BRDA:250,25,0,0
BRDA:250,25,1,0
BRDA:251,26,0,0
BRDA:251,26,1,0
BRDA:260,27,0,0
BRDA:272,28,0,0
BRDA:272,28,1,0
BRDA:272,29,0,0
BRDA:272,29,1,0
BRDA:280,30,0,0
BRDA:280,30,1,0
BRDA:296,31,0,0
BRDA:296,31,1,0
BRDA:296,32,0,0
BRDA:296,32,1,0
BRDA:301,33,0,0
BRDA:301,33,1,0
BRDA:314,34,0,0
BRDA:314,34,1,0
BRDA:330,35,0,0
BRDA:330,35,1,0
BRDA:330,36,0,0
BRDA:330,36,1,0
BRDA:335,37,0,0
BRDA:335,37,1,0
BRDA:343,38,0,0
BRDA:343,38,1,0
BRDA:363,39,0,0
BRDA:363,39,1,0
BRDA:363,40,0,0
BRDA:363,40,1,0
BRDA:363,40,2,0
BRDA:366,41,0,0
BRDA:366,41,1,0
BRF:83
BRH:0
end_of_record
TN:
SF:hooks/useAIConversation.ts
FN:20,(anonymous_1)
FN:21,(anonymous_2)
FN:27,generateId
FN:31,readIndex
FN:40,writeIndex
FN:44,readConversation
FN:56,writeConversation
FN:68,scanPostChats
FN:72,(anonymous_9)
FN:86,(anonymous_10)
FN:105,useAIConversation
FN:113,(anonymous_12)
FN:115,(anonymous_13)
FN:120,(anonymous_14)
FN:129,(anonymous_15)
FN:132,(anonymous_16)
FN:134,(anonymous_17)
FN:143,(anonymous_18)
FN:147,(anonymous_19)
FN:154,(anonymous_20)
FN:192,(anonymous_21)
FN:212,(anonymous_22)
FN:213,(anonymous_23)
FN:232,(anonymous_24)
FN:243,(anonymous_25)
FN:254,(anonymous_26)
FNF:26
FNH:0
FNDA:0,(anonymous_1)
FNDA:0,(anonymous_2)
FNDA:0,generateId
FNDA:0,readIndex
FNDA:0,writeIndex
FNDA:0,readConversation
FNDA:0,writeConversation
FNDA:0,scanPostChats
FNDA:0,(anonymous_9)
FNDA:0,(anonymous_10)
FNDA:0,useAIConversation
FNDA:0,(anonymous_12)
FNDA:0,(anonymous_13)
FNDA:0,(anonymous_14)
FNDA:0,(anonymous_15)
FNDA:0,(anonymous_16)
FNDA:0,(anonymous_17)
FNDA:0,(anonymous_18)
FNDA:0,(anonymous_19)
FNDA:0,(anonymous_20)
FNDA:0,(anonymous_21)
FNDA:0,(anonymous_22)
FNDA:0,(anonymous_23)
FNDA:0,(anonymous_24)
FNDA:0,(anonymous_25)
FNDA:0,(anonymous_26)
DA:1,0
DA:2,0
DA:3,0
DA:6,0
DA:20,0
DA:21,0
DA:22,0
DA:25,0
DA:28,0
DA:32,0
DA:33,0
DA:34,0
DA:36,0
DA:41,0
DA:48,0
DA:49,0
DA:50,0
DA:52,0
DA:61,0
DA:69,0
DA:70,0
DA:71,0
DA:72,0
DA:73,0
DA:75,0
DA:76,0
DA:77,0
DA:78,0
DA:79,0
DA:80,0
DA:81,0
DA:84,0
DA:86,0
DA:87,0
DA:91,0
DA:99,0
DA:101,0
DA:105,0
DA:106,0
DA:107,0
DA:108,0
DA:109,0
DA:110,0
DA:111,0
DA:113,0
DA:114,0
DA:115,0
DA:116,0
DA:120,0
DA:121,0
DA:122,0
DA:123,0
DA:124,0
DA:129,0
DA:130,0
DA:132,0
DA:134,0
DA:135,0
DA:137,0
DA:139,0
DA:143,0
DA:144,0
DA:147,0
DA:148,0
DA:149,0
DA:150,0
DA:153,0
DA:155,0
DA:158,0
DA:159,0
DA:160,0
DA:161,0
DA:162,0
DA:163,0
DA:164,0
DA:167,0
DA:170,0
DA:171,0
DA:172,0
DA:175,0
DA:177,0
DA:181,0
DA:182,0
DA:183,0
DA:184,0
DA:185,0
DA:191,0
DA:193,0
DA:194,0
DA:196,0
DA:197,0
DA:199,0
DA:200,0
DA:201,0
DA:205,0
DA:211,0
DA:212,0
DA:213,0
DA:214,0
DA:218,0
DA:219,0
DA:220,0
DA:222,0
DA:225,0
DA:226,0
DA:231,0
DA:233,0
DA:235,0
DA:236,0
DA:237,0
DA:239,0
DA:242,0
DA:243,0
DA:244,0
DA:245,0
DA:247,0
DA:248,0
DA:254,0
DA:255,0
DA:256,0
DA:257,0
DA:258,0
DA:259,0
DA:260,0
DA:262,0
DA:265,0
DA:266,0
DA:267,0
DA:268,0
DA:272,0
LF:130
LH:0
BRDA:34,0,0,0
BRDA:34,0,1,0
BRDA:50,1,0,0
BRDA:50,1,1,0
BRDA:79,2,0,0
BRDA:79,2,1,0
BRDA:81,3,0,0
BRDA:81,3,1,0
BRDA:83,4,0,0
BRDA:83,4,1,0
BRDA:84,5,0,0
BRDA:84,5,1,0
BRDA:87,6,0,0
BRDA:87,6,1,0
BRDA:121,7,0,0
BRDA:121,7,1,0
BRDA:135,8,0,0
BRDA:135,8,1,0
BRDA:139,9,0,0
BRDA:139,9,1,0
BRDA:155,10,0,0
BRDA:155,10,1,0
BRDA:158,11,0,0
BRDA:158,11,1,0
BRDA:162,12,0,0
BRDA:162,12,1,0
BRDA:164,13,0,0
BRDA:164,13,1,0
BRDA:166,14,0,0
BRDA:166,14,1,0
BRDA:167,15,0,0
BRDA:167,15,1,0
BRDA:182,16,0,0
BRDA:182,16,1,0
BRDA:193,17,0,0
BRDA:193,17,1,0
BRDA:199,18,0,0
BRDA:199,18,1,0
BRDA:214,19,0,0
BRDA:214,19,1,0
BRDA:218,20,0,0
BRDA:218,20,1,0
BRDA:220,21,0,0
BRDA:220,21,1,0
BRDA:226,22,0,0
BRDA:226,22,1,0
BRDA:233,23,0,0
BRDA:233,23,1,0
BRDA:235,24,0,0
BRDA:235,24,1,0
BRDA:245,25,0,0
BRDA:245,25,1,0
BRDA:247,26,0,0
BRDA:247,26,1,0
BRDA:255,27,0,0
BRDA:255,27,1,0
BRDA:258,28,0,0
BRDA:258,28,1,0
BRDA:266,29,0,0
BRDA:266,29,1,0
BRF:60
BRH:0
end_of_record
TN:
SF:hooks/useAppLifecycle.ts
FN:39,useAppLifecycle
FN:53,(anonymous_1)
FN:57,(anonymous_2)
FN:58,(anonymous_3)
FN:118,(anonymous_4)
FN:134,useIsForeground
FN:139,(anonymous_6)
FN:140,(anonymous_7)
FN:144,(anonymous_8)
FNF:9
FNH:0
FNDA:0,useAppLifecycle
FNDA:0,(anonymous_1)
FNDA:0,(anonymous_2)
FNDA:0,(anonymous_3)
FNDA:0,(anonymous_4)
FNDA:0,useIsForeground
FNDA:0,(anonymous_6)
FNDA:0,(anonymous_7)
FNDA:0,(anonymous_8)
DA:2,0
DA:3,0
DA:4,0
DA:6,0
DA:31,0
DA:39,0
DA:40,0
DA:43,0
DA:44,0
DA:45,0
DA:47,0
DA:48,0
DA:49,0
DA:50,0
DA:53,0
DA:54,0
DA:57,0
DA:58,0
DA:59,0
DA:61,0
DA:64,0
DA:65,0
DA:66,0
DA:67,0
DA:69,0
DA:70,0
DA:72,0
DA:77,0
DA:78,0
DA:79,0
DA:81,0
DA:86,0
DA:87,0
DA:88,0
DA:90,0
DA:91,0
DA:92,0
DA:95,0
DA:96,0
DA:97,0
DA:99,0
DA:103,0
DA:105,0
DA:106,0
DA:108,0
DA:112,0
DA:113,0
DA:116,0
DA:118,0
DA:119,0
DA:123,0
DA:134,0
DA:135,0
DA:139,0
DA:140,0
DA:141,0
DA:144,0
DA:147,0
LF:58
LH:0
BRDA:41,0,0,0
BRDA:41,0,1,0
BRDA:64,1,0,0
BRDA:64,1,1,0
BRDA:64,2,0,0
BRDA:64,2,1,0
BRDA:77,3,0,0
BRDA:77,3,1,0
BRDA:77,4,0,0
BRDA:77,4,1,0
BRDA:86,5,0,0
BRDA:86,5,1,0
BRDA:86,6,0,0
BRDA:86,6,1,0
BRDA:90,7,0,0
BRDA:90,7,1,0
BRDA:95,8,0,0
BRDA:95,8,1,0
BRF:18
BRH:0
end_of_record
TN:
SF:hooks/useAppUpdate.ts
FN:23,useAppUpdate
FN:33,(anonymous_11)
FN:47,(anonymous_12)
FN:116,(anonymous_13)
FN:128,(anonymous_14)
FN:136,(anonymous_15)
FNF:6
FNH:0
FNDA:0,useAppUpdate
FNDA:0,(anonymous_11)
FNDA:0,(anonymous_12)
FNDA:0,(anonymous_13)
FNDA:0,(anonymous_14)
FNDA:0,(anonymous_15)
DA:1,0
DA:2,0
DA:3,0
DA:4,0
DA:5,0
DA:15,0
DA:16,0
DA:17,0
DA:23,0
DA:24,0
DA:28,0
DA:29,0
DA:31,0
DA:33,0
DA:34,0
DA:35,0
DA:37,0
DA:38,0
DA:39,0
DA:41,0
DA:42,0
DA:44,0
DA:47,0
DA:48,0
DA:49,0
DA:52,0
DA:53,0
DA:55,0
DA:56,0
DA:58,0
DA:59,0
DA:60,0
DA:61,0
DA:64,0
DA:66,0
DA:67,0
DA:69,0
DA:78,0
DA:79,0
DA:80,0
DA:81,0
DA:82,0
DA:86,0
DA:87,0
DA:88,0
DA:89,0
DA:90,0
DA:91,0
DA:92,0
DA:96,0
DA:97,0
DA:98,0
DA:99,0
DA:103,0
DA:104,0
DA:108,0
DA:110,0
DA:112,0
DA:116,0
DA:118,0
DA:119,0
DA:122,0
DA:123,0
DA:125,0
DA:128,0
DA:130,0
DA:131,0
DA:133,0
DA:136,0
DA:138,0
DA:139,0
DA:142,0
LF:72
LH:0
BRDA:31,0,0,0
BRDA:31,0,1,0
BRDA:38,1,0,0
BRDA:38,1,1,0
BRDA:39,2,0,0
BRDA:39,2,1,0
BRDA:41,3,0,0
BRDA:41,3,1,0
BRDA:42,4,0,0
BRDA:42,4,1,0
BRDA:47,5,0,0
BRDA:52,6,0,0
BRDA:52,6,1,0
BRDA:58,7,0,0
BRDA:58,7,1,0
BRDA:58,8,0,0
BRDA:58,8,1,0
BRDA:67,9,0,0
BRDA:67,9,1,0
BRDA:78,10,0,0
BRDA:78,10,1,0
BRDA:78,11,0,0
BRDA:78,11,1,0
BRDA:86,12,0,0
BRDA:86,12,1,0
BRDA:86,13,0,0
BRDA:86,13,1,0
BRDA:86,13,2,0
BRDA:88,14,0,0
BRDA:88,14,1,0
BRDA:90,15,0,0
BRDA:90,15,1,0
BRDA:97,16,0,0
BRDA:97,16,1,0
BRDA:103,17,0,0
BRDA:103,17,1,0
BRDA:118,18,0,0
BRDA:118,18,1,0
BRDA:122,19,0,0
BRDA:122,19,1,0
BRDA:130,20,0,0
BRDA:130,20,1,0
BRDA:138,21,0,0
BRDA:138,21,1,0
BRF:44
BRH:0
end_of_record
TN:
SF:hooks/useAuthBoot.ts
FN:17,useAuthBoot
FN:28,(anonymous_1)
FN:29,(anonymous_2)
FN:47,(anonymous_3)
FN:62,(anonymous_4)
FNF:5
FNH:0
FNDA:0,useAuthBoot
FNDA:0,(anonymous_1)
FNDA:0,(anonymous_2)
FNDA:0,(anonymous_3)
FNDA:0,(anonymous_4)
DA:1,0
DA:2,0
DA:3,0
DA:17,0
DA:28,0
DA:29,0
DA:30,0
DA:31,0
DA:37,0
DA:39,0
DA:40,0
DA:42,0
DA:43,0
DA:44,0
DA:45,0
DA:46,0
DA:47,0
DA:48,0
DA:51,0
DA:52,0
DA:53,0
DA:55,0
DA:60,0
DA:61,0
DA:62,0
DA:63,0
DA:68,0
DA:70,0
DA:72,0
DA:75,0
LF:30
LH:0
BRDA:37,0,0,0
BRDA:37,0,1,0
BRDA:37,1,0,0
BRDA:37,1,1,0
BRDA:39,2,0,0
BRDA:39,2,1,0
BRDA:43,3,0,0
BRDA:43,3,1,0
BRDA:68,4,0,0
BRDA:68,4,1,0
BRF:10
BRH:0
end_of_record
TN:
SF:hooks/useAuthSession.ts
FN:52,useAuthSession
FN:75,(anonymous_10)
FN:93,(anonymous_11)
FN:169,(anonymous_12)
FN:202,(anonymous_13)
FN:252,(anonymous_14)
FN:264,(anonymous_15)
FN:265,(anonymous_16)
FN:360,(anonymous_17)
FN:385,(anonymous_18)
FN:393,(anonymous_19)
FN:398,(anonymous_20)
FN:401,(anonymous_21)
FN:422,(anonymous_22)
FN:429,(anonymous_23)
FN:430,(anonymous_24)
FN:436,(anonymous_25)
FN:454,(anonymous_26)
FNF:18
FNH:0
FNDA:0,useAuthSession
FNDA:0,(anonymous_10)
FNDA:0,(anonymous_11)
FNDA:0,(anonymous_12)
FNDA:0,(anonymous_13)
FNDA:0,(anonymous_14)
FNDA:0,(anonymous_15)
FNDA:0,(anonymous_16)
FNDA:0,(anonymous_17)
FNDA:0,(anonymous_18)
FNDA:0,(anonymous_19)
FNDA:0,(anonymous_20)
FNDA:0,(anonymous_21)
FNDA:0,(anonymous_22)
FNDA:0,(anonymous_23)
FNDA:0,(anonymous_24)
FNDA:0,(anonymous_25)
FNDA:0,(anonymous_26)
DA:1,0
DA:2,0
DA:3,0
DA:4,0
DA:5,0
DA:8,0
DA:9,0
DA:15,0
DA:16,0
DA:17,0
DA:18,0
DA:19,0
DA:52,0
DA:75,0
DA:76,0
DA:77,0
DA:78,0
DA:79,0
DA:80,0
DA:81,0
DA:82,0
DA:83,0
DA:89,0
DA:90,0
DA:92,0
DA:101,0
DA:102,0
DA:108,0
DA:109,0
DA:110,0
DA:111,0
DA:112,0
DA:113,0
DA:114,0
DA:116,0
DA:117,0
DA:119,0
DA:124,0
DA:125,0
DA:126,0
DA:127,0
DA:128,0
DA:134,0
DA:137,0
DA:138,0
DA:139,0
DA:140,0
DA:141,0
DA:142,0
DA:143,0
DA:149,0
DA:151,0
DA:152,0
DA:158,0
DA:159,0
DA:161,0
DA:162,0
DA:163,0
DA:164,0
DA:165,0
DA:166,0
DA:168,0
DA:169,0
DA:170,0
DA:175,0
DA:176,0
DA:177,0
DA:178,0
DA:179,0
DA:180,0
DA:182,0
DA:183,0
DA:184,0
DA:186,0
DA:192,0
DA:197,0
DA:202,0
DA:203,0
DA:204,0
DA:206,0
DA:207,0
DA:209,0
DA:212,0
DA:213,0
DA:214,0
DA:215,0
DA:218,0
DA:220,0
DA:221,0
DA:222,0
DA:223,0
DA:224,0
DA:225,0
DA:226,0
DA:227,0
DA:228,0
DA:230,0
DA:231,0
DA:232,0
DA:235,0
DA:251,0
DA:254,0
DA:255,0
DA:256,0
DA:258,0
DA:263,0
DA:265,0
DA:266,0
DA:267,0
DA:274,0
DA:275,0
DA:277,0
DA:278,0
DA:279,0
DA:281,0
DA:282,0
DA:283,0
DA:284,0
DA:285,0
DA:291,0
DA:292,0
DA:293,0
DA:294,0
DA:295,0
DA:296,0
DA:301,0
DA:306,0
DA:307,0
DA:308,0
DA:319,0
DA:320,0
DA:321,0
DA:323,0
DA:324,0
DA:326,0
DA:327,0
DA:329,0
DA:331,0
DA:333,0
DA:334,0
DA:335,0
DA:337,0
DA:339,0
DA:340,0
DA:341,0
DA:342,0
DA:343,0
DA:345,0
DA:346,0
DA:347,0
DA:348,0
DA:349,0
DA:350,0
DA:354,0
DA:355,0
DA:356,0
DA:357,0
DA:359,0
DA:360,0
DA:364,0
DA:384,0
DA:386,0
DA:387,0
DA:388,0
DA:389,0
DA:390,0
DA:391,0
DA:392,0
DA:394,0
DA:395,0
DA:397,0
DA:398,0
DA:402,0
DA:403,0
DA:404,0
DA:421,0
DA:423,0
DA:424,0
DA:429,0
DA:430,0
DA:431,0
DA:432,0
DA:435,0
DA:440,0
DA:441,0
DA:442,0
DA:443,0
DA:444,0
DA:445,0
DA:446,0
DA:448,0
DA:453,0
DA:455,0
DA:456,0
DA:462,0
DA:463,0
DA:465,0
DA:466,0
DA:472,0
LF:199
LH:0
BRDA:77,0,0,0
BRDA:77,0,1,0
BRDA:79,1,0,0
BRDA:79,1,1,0
BRDA:81,2,0,0
BRDA:81,2,1,0
BRDA:82,3,0,0
BRDA:82,3,1,0
BRDA:82,4,0,0
BRDA:82,4,1,0
BRDA:112,5,0,0
BRDA:112,5,1,0
BRDA:113,6,0,0
BRDA:113,6,1,0
BRDA:114,7,0,0
BRDA:114,7,1,0
BRDA:114,7,2,0
BRDA:116,8,0,0
BRDA:116,8,1,0
BRDA:116,9,0,0
BRDA:116,9,1,0
BRDA:116,9,2,0
BRDA:116,9,3,0
BRDA:124,10,0,0
BRDA:124,10,1,0
BRDA:126,11,0,0
BRDA:126,11,1,0
BRDA:126,11,2,0
BRDA:127,12,0,0
BRDA:127,12,1,0
BRDA:137,13,0,0
BRDA:137,13,1,0
BRDA:139,14,0,0
BRDA:139,14,1,0
BRDA:139,14,2,0
BRDA:140,15,0,0
BRDA:140,15,1,0
BRDA:151,16,0,0
BRDA:151,16,1,0
BRDA:151,17,0,0
BRDA:151,17,1,0
BRDA:161,18,0,0
BRDA:161,18,1,0
BRDA:161,19,0,0
BRDA:161,19,1,0
BRDA:163,20,0,0
BRDA:163,20,1,0
BRDA:165,21,0,0
BRDA:165,21,1,0
BRDA:168,22,0,0
BRDA:168,22,1,0
BRDA:170,23,0,0
BRDA:170,23,1,0
BRDA:171,24,0,0
BRDA:171,24,1,0
BRDA:173,25,0,0
BRDA:173,25,1,0
BRDA:176,26,0,0
BRDA:176,26,1,0
BRDA:178,27,0,0
BRDA:178,27,1,0
BRDA:182,28,0,0
BRDA:182,28,1,0
BRDA:214,29,0,0
BRDA:214,29,1,0
BRDA:266,30,0,0
BRDA:266,30,1,0
BRDA:281,31,0,0
BRDA:281,31,1,0
BRDA:291,32,0,0
BRDA:291,32,1,0
BRDA:291,33,0,0
BRDA:291,33,1,0
BRDA:298,34,0,0
BRDA:298,34,1,0
BRDA:311,35,0,0
BRDA:311,35,1,0
BRDA:311,36,0,0
BRDA:311,36,1,0
BRDA:313,37,0,0
BRDA:313,37,1,0
BRDA:315,38,0,0
BRDA:315,38,1,0
BRDA:333,39,0,0
BRDA:333,39,1,0
BRDA:333,40,0,0
BRDA:333,40,1,0
BRDA:340,41,0,0
BRDA:340,41,1,0
BRDA:423,42,0,0
BRDA:423,42,1,0
BRDA:423,43,0,0
BRDA:423,43,1,0
BRDA:440,44,0,0
BRDA:440,44,1,0
BRDA:441,45,0,0
BRDA:441,45,1,0
BRDA:442,46,0,0
BRDA:442,46,1,0
BRDA:442,47,0,0
BRDA:442,47,1,0
BRDA:455,48,0,0
BRDA:455,48,1,0
BRF:103
BRH:0
end_of_record
TN:
SF:hooks/useBalances.ts
FN:19,useBalances
FN:20,(anonymous_1)
FN:36,(anonymous_2)
FN:40,(anonymous_3)
FNF:4
FNH:0
FNDA:0,useBalances
FNDA:0,(anonymous_1)
FNDA:0,(anonymous_2)
FNDA:0,(anonymous_3)
DA:1,0
DA:4,0
DA:5,0
DA:19,0
DA:20,0
DA:21,0
DA:22,0
DA:23,0
DA:24,0
DA:25,0
DA:27,0
DA:28,0
DA:29,0
DA:30,0
DA:31,0
DA:33,0
DA:34,0
DA:35,0
DA:36,0
DA:37,0
DA:40,0
DA:41,0
DA:43,0
DA:45,0
DA:47,0
DA:51,0
LF:26
LH:0
BRDA:21,0,0,0
BRDA:21,0,1,0
BRDA:24,1,0,0
BRDA:24,1,1,0
BRDA:25,2,0,0
BRDA:25,2,1,0
BRDA:27,3,0,0
BRDA:27,3,1,0
BRDA:27,3,2,0
BRDA:28,4,0,0
BRDA:28,4,1,0
BRDA:28,4,2,0
BRDA:28,5,0,0
BRDA:28,5,1,0
BRDA:35,6,0,0
BRDA:35,6,1,0
BRDA:37,7,0,0
BRDA:37,7,1,0
BRDA:38,8,0,0
BRDA:38,8,1,0
BRDA:40,9,0,0
BRDA:40,9,1,0
BRDA:47,10,0,0
BRDA:47,10,1,0
BRF:24
BRH:0
end_of_record
TN:
SF:hooks/useBottomSheetGestures.ts
FN:30,(anonymous_0)
FN:47,(anonymous_1)
FN:56,(anonymous_2)
FN:57,(anonymous_3)
FN:64,(anonymous_4)
FN:65,(anonymous_5)
FN:85,(anonymous_6)
FN:91,(anonymous_7)
FN:98,(anonymous_8)
FN:102,(anonymous_9)
FN:108,(anonymous_10)
FN:112,(anonymous_11)
FN:139,(anonymous_12)
FN:143,(anonymous_13)
FN:152,(anonymous_14)
FN:227,(anonymous_15)
FN:234,(anonymous_16)
FN:238,(anonymous_17)
FN:244,(anonymous_18)
FN:252,(anonymous_19)
FN:261,(anonymous_20)
FNF:21
FNH:0
FNDA:0,(anonymous_0)
FNDA:0,(anonymous_1)
FNDA:0,(anonymous_2)
FNDA:0,(anonymous_3)
FNDA:0,(anonymous_4)
FNDA:0,(anonymous_5)
FNDA:0,(anonymous_6)
FNDA:0,(anonymous_7)
FNDA:0,(anonymous_8)
FNDA:0,(anonymous_9)
FNDA:0,(anonymous_10)
FNDA:0,(anonymous_11)
FNDA:0,(anonymous_12)
FNDA:0,(anonymous_13)
FNDA:0,(anonymous_14)
FNDA:0,(anonymous_15)
FNDA:0,(anonymous_16)
FNDA:0,(anonymous_17)
FNDA:0,(anonymous_18)
FNDA:0,(anonymous_19)
FNDA:0,(anonymous_20)
DA:1,0
DA:2,0
DA:3,0
DA:11,0
DA:16,0
DA:17,0
DA:18,0
DA:19,0
DA:21,0
DA:30,0
DA:34,0
DA:35,0
DA:37,0
DA:39,0
DA:40,0
DA:41,0
DA:42,0
DA:43,0
DA:44,0
DA:45,0
DA:47,0
DA:48,0
DA:49,0
DA:50,0
DA:51,0
DA:55,0
DA:56,0
DA:58,0
DA:63,0
DA:64,0
DA:66,0
DA:67,0
DA:69,0
DA:70,0
DA:71,0
DA:72,0
DA:73,0
DA:75,0
DA:76,0
DA:77,0
DA:78,0
DA:79,0
DA:85,0
DA:87,0
DA:88,0
DA:91,0
DA:93,0
DA:94,0
DA:95,0
DA:98,0
DA:99,0
DA:102,0
DA:103,0
DA:106,0
DA:110,0
DA:114,0
DA:115,0
DA:119,0
DA:120,0
DA:121,0
DA:123,0
DA:127,0
DA:128,0
DA:130,0
DA:131,0
DA:132,0
DA:141,0
DA:145,0
DA:146,0
DA:150,0
DA:154,0
DA:155,0
DA:158,0
DA:159,0
DA:160,0
DA:164,0
DA:169,0
DA:170,0
DA:171,0
DA:172,0
DA:176,0
DA:180,0
DA:181,0
DA:185,0
DA:186,0
DA:187,0
DA:188,0
DA:189,0
DA:190,0
DA:194,0
DA:195,0
DA:197,0
DA:201,0
DA:202,0
DA:204,0
DA:205,0
DA:206,0
DA:210,0
DA:212,0
DA:213,0
DA:214,0
DA:218,0
DA:219,0
DA:225,0
DA:227,0
DA:228,0
DA:234,0
DA:235,0
DA:238,0
DA:239,0
DA:240,0
DA:241,0
DA:244,0
DA:245,0
DA:246,0
DA:247,0
DA:248,0
DA:249,0
DA:252,0
DA:253,0
DA:254,0
DA:255,0
DA:256,0
DA:257,0
DA:261,0
DA:262,0
DA:265,0
LF:127
LH:0
BRDA:49,0,0,0
BRDA:49,0,1,0
BRDA:69,1,0,0
BRDA:69,1,1,0
BRDA:70,2,0,0
BRDA:70,2,1,0
BRDA:71,3,0,0
BRDA:71,3,1,0
BRDA:75,4,0,0
BRDA:75,4,1,0
BRDA:76,5,0,0
BRDA:76,5,1,0
BRDA:77,6,0,0
BRDA:77,6,1,0
BRDA:110,7,0,0
BRDA:110,7,1,0
BRDA:114,8,0,0
BRDA:114,8,1,0
BRDA:119,9,0,0
BRDA:119,9,1,0
BRDA:120,10,0,0
BRDA:120,10,1,0
BRDA:130,11,0,0
BRDA:130,11,1,0
BRDA:130,12,0,0
BRDA:130,12,1,0
BRDA:158,13,0,0
BRDA:158,13,1,0
BRDA:158,14,0,0
BRDA:158,14,1,0
BRDA:164,15,0,0
BRDA:164,15,1,0
BRDA:165,16,0,0
BRDA:165,16,1,0
BRDA:165,16,2,0
BRDA:176,17,0,0
BRDA:176,17,1,0
BRDA:177,18,0,0
BRDA:177,18,1,0
BRDA:177,18,2,0
BRDA:186,19,0,0
BRDA:186,19,1,0
BRDA:186,20,0,0
BRDA:186,20,1,0
BRDA:187,21,0,0
BRDA:187,21,1,0
BRDA:204,22,0,0
BRDA:204,22,1,0
BRF:48
BRH:0
end_of_record
TN:
SF:hooks/useCollapsibleHeader.ts
FN:19,(anonymous_0)
FN:36,(anonymous_1)
FN:40,(anonymous_2)
FN:49,(anonymous_3)
FN:56,(anonymous_4)
FN:94,(anonymous_5)
FN:101,(anonymous_6)
FN:143,(anonymous_7)
FN:150,(anonymous_8)
FN:156,(anonymous_9)
FN:158,(anonymous_10)
FNF:11
FNH:0
FNDA:0,(anonymous_0)
FNDA:0,(anonymous_1)
FNDA:0,(anonymous_2)
FNDA:0,(anonymous_3)
FNDA:0,(anonymous_4)
FNDA:0,(anonymous_5)
FNDA:0,(anonymous_6)
FNDA:0,(anonymous_7)
FNDA:0,(anonymous_8)
FNDA:0,(anonymous_9)
FNDA:0,(anonymous_10)
DA:1,0
DA:2,0
DA:12,0
DA:14,0
DA:15,0
DA:16,0
DA:17,0
DA:19,0
DA:20,0
DA:21,0
DA:22,0
DA:24,0
DA:25,0
DA:26,0
DA:28,0
DA:29,0
DA:30,0
DA:31,0
DA:32,0
DA:34,0
DA:36,0
DA:40,0
DA:41,0
DA:42,0
DA:43,0
DA:44,0
DA:45,0
DA:49,0
DA:51,0
DA:52,0
DA:53,0
DA:56,0
DA:58,0
DA:59,0
DA:61,0
DA:62,0
DA:63,0
DA:65,0
DA:66,0
DA:67,0
DA:68,0
DA:70,0
DA:71,0
DA:74,0
DA:75,0
DA:77,0
DA:79,0
DA:80,0
DA:82,0
DA:83,0
DA:84,0
DA:85,0
DA:86,0
DA:87,0
DA:88,0
DA:89,0
DA:93,0
DA:96,0
DA:100,0
DA:102,0
DA:103,0
DA:105,0
DA:106,0
DA:107,0
DA:109,0
DA:110,0
DA:111,0
DA:112,0
DA:113,0
DA:115,0
DA:116,0
DA:119,0
DA:120,0
DA:122,0
DA:124,0
DA:125,0
DA:127,0
DA:128,0
DA:129,0
DA:130,0
DA:131,0
DA:132,0
DA:133,0
DA:134,0
DA:135,0
DA:136,0
DA:142,0
DA:144,0
DA:149,0
DA:151,0
DA:156,0
DA:158,0
DA:159,0
DA:160,0
DA:161,0
DA:162,0
DA:163,0
DA:164,0
DA:167,0
LF:99
LH:0
BRDA:42,0,0,0
BRDA:42,0,1,0
BRDA:53,1,0,0
BRDA:53,1,1,0
BRDA:59,2,0,0
BRDA:59,2,1,0
BRDA:63,3,0,0
BRDA:63,3,1,0
BRDA:65,4,0,0
BRDA:65,4,1,0
BRDA:66,5,0,0
BRDA:66,5,1,0
BRDA:74,6,0,0
BRDA:74,6,1,0
BRDA:74,7,0,0
BRDA:74,7,1,0
BRDA:74,7,2,0
BRDA:74,7,3,0
BRDA:80,8,0,0
BRDA:80,8,1,0
BRDA:82,9,0,0
BRDA:82,9,1,0
BRDA:82,10,0,0
BRDA:82,10,1,0
BRDA:86,11,0,0
BRDA:86,11,1,0
BRDA:86,12,0,0
BRDA:86,12,1,0
BRDA:103,13,0,0
BRDA:103,13,1,0
BRDA:107,14,0,0
BRDA:107,14,1,0
BRDA:109,15,0,0
BRDA:109,15,1,0
BRDA:110,16,0,0
BRDA:110,16,1,0
BRDA:119,17,0,0
BRDA:119,17,1,0
BRDA:119,18,0,0
BRDA:119,18,1,0
BRDA:119,18,2,0
BRDA:119,18,3,0
BRDA:125,19,0,0
BRDA:125,19,1,0
BRDA:127,20,0,0
BRDA:127,20,1,0
BRDA:127,21,0,0
BRDA:127,21,1,0
BRDA:132,22,0,0
BRDA:132,22,1,0
BRDA:132,23,0,0
BRDA:132,23,1,0
BRF:52
BRH:0
end_of_record
TN:
SF:hooks/useDM.ts
FN:3,useDM
FNF:1
FNH:0
FNDA:0,useDM
DA:1,0
DA:3,0
DA:4,0
LF:3
LH:0
BRF:0
BRH:0
end_of_record
TN:
SF:hooks/useDebounceCallback.ts
FN:3,useDebounceCallback
FN:5,(anonymous_1)
FN:7,(anonymous_2)
FNF:3
FNH:3
FNDA:4,useDebounceCallback
FNDA:7,(anonymous_1)
FNDA:5,(anonymous_2)
DA:1,1
DA:3,1
DA:4,4
DA:5,4
DA:6,7
DA:7,7
LF:6
LH:6
BRDA:3,0,0,1
BRDA:6,1,0,3
BRDA:6,1,1,4
BRF:3
BRH:3
end_of_record
TN:
SF:hooks/useDrafts.ts
FN:29,draftsKey
FN:35,(anonymous_2)
FN:38,(anonymous_3)
FN:49,(anonymous_4)
FN:58,useDrafts
FN:63,(anonymous_6)
FN:65,(anonymous_7)
FN:72,(anonymous_8)
FN:78,(anonymous_9)
FN:85,(anonymous_10)
FN:98,(anonymous_11)
FN:99,(anonymous_12)
FN:107,(anonymous_13)
FNF:13
FNH:0
FNDA:0,draftsKey
FNDA:0,(anonymous_2)
FNDA:0,(anonymous_3)
FNDA:0,(anonymous_4)
FNDA:0,useDrafts
FNDA:0,(anonymous_6)
FNDA:0,(anonymous_7)
FNDA:0,(anonymous_8)
FNDA:0,(anonymous_9)
FNDA:0,(anonymous_10)
FNDA:0,(anonymous_11)
FNDA:0,(anonymous_12)
FNDA:0,(anonymous_13)
DA:8,0
DA:9,0
DA:27,0
DA:30,0
DA:31,0
DA:35,0
DA:36,0
DA:38,0
DA:39,0
DA:40,0
DA:41,0
DA:42,0
DA:43,0
DA:45,0
DA:49,0
DA:50,0
DA:51,0
DA:53,0
DA:58,0
DA:59,0
DA:60,0
DA:63,0
DA:64,0
DA:65,0
DA:66,0
DA:67,0
DA:68,0
DA:69,0
DA:72,0
DA:73,0
DA:78,0
DA:79,0
DA:80,0
DA:84,0
DA:86,0
DA:87,0
DA:88,0
DA:89,0
DA:90,0
DA:91,0
DA:97,0
DA:99,0
DA:100,0
DA:101,0
DA:107,0
DA:108,0
DA:109,0
DA:112,0
LF:48
LH:0
BRDA:30,0,0,0
BRDA:30,0,1,0
BRDA:41,1,0,0
BRDA:41,1,1,0
BRDA:43,2,0,0
BRDA:43,2,1,0
BRDA:67,3,0,0
BRDA:67,3,1,0
BRF:8
BRH:0
end_of_record
TN:
SF:hooks/useEphemeralMessages.ts
FN:17,(anonymous_0)
FN:25,(anonymous_1)
FN:26,(anonymous_2)
FN:33,(anonymous_3)
FN:34,(anonymous_4)
FN:34,(anonymous_5)
FNF:6
FNH:0
FNDA:0,(anonymous_0)
FNDA:0,(anonymous_1)
FNDA:0,(anonymous_2)
FNDA:0,(anonymous_3)
FNDA:0,(anonymous_4)
FNDA:0,(anonymous_5)
DA:1,0
DA:2,0
DA:17,0
DA:20,0
DA:21,0
DA:22,0
DA:24,0
DA:26,0
DA:27,0
DA:28,0
DA:33,0
DA:34,0
DA:40,0
LF:13
LH:0
BRDA:18,0,0,0
BRDA:20,1,0,0
BRDA:20,2,0,0
BRDA:20,3,0,0
BRF:4
BRH:0
end_of_record
TN:
SF:hooks/useGateToHome.ts
FN:11,useGateToHome
FN:16,(anonymous_1)
FNF:2
FNH:0
FNDA:0,useGateToHome
FNDA:0,(anonymous_1)
DA:1,0
DA:2,0
DA:3,0
DA:11,0
DA:12,0
DA:13,0
DA:15,0
DA:17,0
DA:19,0
DA:20,0
DA:27,0
DA:33,0
LF:12
LH:0
BRDA:11,0,0,0
BRDA:13,1,0,0
BRDA:13,1,1,0
BRDA:17,2,0,0
BRDA:17,2,1,0
BRDA:19,3,0,0
BRDA:19,3,1,0
BRF:7
BRH:0
end_of_record
TN:
SF:hooks/useKeyboard.ts
FN:14,(anonymous_0)
FN:18,(anonymous_1)
FN:22,(anonymous_2)
FN:27,(anonymous_3)
FN:35,(anonymous_4)
FNF:5
FNH:0
FNDA:0,(anonymous_0)
FNDA:0,(anonymous_1)
FNDA:0,(anonymous_2)
FNDA:0,(anonymous_3)
FNDA:0,(anonymous_4)
DA:1,0
DA:2,0
DA:14,0
DA:15,0
DA:16,0
DA:18,0
DA:19,0
DA:20,0
DA:22,0
DA:23,0
DA:24,0
DA:25,0
DA:27,0
DA:28,0
DA:29,0
DA:32,0
DA:33,0
DA:35,0
DA:37,0
DA:38,0
DA:42,0
DA:45,0
LF:22
LH:0
BRDA:19,0,0,0
BRDA:19,0,1,0
BRDA:20,1,0,0
BRDA:20,1,1,0
BRDA:23,2,0,0
BRDA:23,2,1,0
BRF:6
BRH:0
end_of_record
TN:
SF:hooks/useLiveChat.ts
FN:24,(anonymous_1)
FN:83,(anonymous_2)
FN:110,(anonymous_3)
FN:116,(anonymous_4)
FN:136,(anonymous_5)
FN:144,(anonymous_6)
FN:149,(anonymous_7)
FN:156,(anonymous_8)
FN:161,(anonymous_9)
FN:177,(anonymous_10)
FN:178,(anonymous_11)
FN:181,(anonymous_12)
FN:182,(anonymous_13)
FN:188,(anonymous_14)
FN:190,(anonymous_15)
FN:191,(anonymous_16)
FN:195,(anonymous_17)
FN:196,(anonymous_18)
FN:196,(anonymous_19)
FN:199,(anonymous_20)
FN:206,(anonymous_21)
FN:207,(anonymous_22)
FN:211,(anonymous_23)
FN:212,(anonymous_24)
FN:214,(anonymous_25)
FN:217,(anonymous_26)
FN:221,(anonymous_27)
FN:222,(anonymous_28)
FN:225,(anonymous_29)
FN:226,(anonymous_30)
FN:227,(anonymous_31)
FN:227,(anonymous_32)
FN:230,(anonymous_33)
FN:234,(anonymous_34)
FN:236,(anonymous_35)
FN:237,(anonymous_36)
FN:240,(anonymous_37)
FN:243,(anonymous_38)
FN:247,(anonymous_39)
FN:253,(anonymous_40)
FN:254,(anonymous_41)
FN:255,(anonymous_42)
FN:259,(anonymous_43)
FN:264,(anonymous_44)
FN:270,(anonymous_45)
FN:275,(anonymous_46)
FN:280,(anonymous_47)
FN:290,(anonymous_48)
FN:297,(anonymous_49)
FN:317,(anonymous_50)
FN:318,(anonymous_51)
FN:331,(anonymous_52)
FN:334,(anonymous_53)
FN:338,(anonymous_54)
FN:342,(anonymous_55)
FN:346,(anonymous_56)
FN:350,(anonymous_57)
FN:354,(anonymous_58)
FN:358,(anonymous_59)
FN:371,(anonymous_60)
FN:378,(anonymous_61)
FN:379,(anonymous_62)
FN:383,(anonymous_63)
FN:395,(anonymous_64)
FN:408,(anonymous_65)
FN:410,(anonymous_66)
FN:415,(anonymous_67)
FN:418,(anonymous_68)
FNF:68
FNH:0
FNDA:0,(anonymous_1)
FNDA:0,(anonymous_2)
FNDA:0,(anonymous_3)
FNDA:0,(anonymous_4)
FNDA:0,(anonymous_5)
FNDA:0,(anonymous_6)
FNDA:0,(anonymous_7)
FNDA:0,(anonymous_8)
FNDA:0,(anonymous_9)
FNDA:0,(anonymous_10)
FNDA:0,(anonymous_11)
FNDA:0,(anonymous_12)
FNDA:0,(anonymous_13)
FNDA:0,(anonymous_14)
FNDA:0,(anonymous_15)
FNDA:0,(anonymous_16)
FNDA:0,(anonymous_17)
FNDA:0,(anonymous_18)
FNDA:0,(anonymous_19)
FNDA:0,(anonymous_20)
FNDA:0,(anonymous_21)
FNDA:0,(anonymous_22)
FNDA:0,(anonymous_23)
FNDA:0,(anonymous_24)
FNDA:0,(anonymous_25)
FNDA:0,(anonymous_26)
FNDA:0,(anonymous_27)
FNDA:0,(anonymous_28)
FNDA:0,(anonymous_29)
FNDA:0,(anonymous_30)
FNDA:0,(anonymous_31)
FNDA:0,(anonymous_32)
FNDA:0,(anonymous_33)
FNDA:0,(anonymous_34)
FNDA:0,(anonymous_35)
FNDA:0,(anonymous_36)
FNDA:0,(anonymous_37)
FNDA:0,(anonymous_38)
FNDA:0,(anonymous_39)
FNDA:0,(anonymous_40)
FNDA:0,(anonymous_41)
FNDA:0,(anonymous_42)
FNDA:0,(anonymous_43)
FNDA:0,(anonymous_44)
FNDA:0,(anonymous_45)
FNDA:0,(anonymous_46)
FNDA:0,(anonymous_47)
FNDA:0,(anonymous_48)
FNDA:0,(anonymous_49)
FNDA:0,(anonymous_50)
FNDA:0,(anonymous_51)
FNDA:0,(anonymous_52)
FNDA:0,(anonymous_53)
FNDA:0,(anonymous_54)
FNDA:0,(anonymous_55)
FNDA:0,(anonymous_56)
FNDA:0,(anonymous_57)
FNDA:0,(anonymous_58)
FNDA:0,(anonymous_59)
FNDA:0,(anonymous_60)
FNDA:0,(anonymous_61)
FNDA:0,(anonymous_62)
FNDA:0,(anonymous_63)
FNDA:0,(anonymous_64)
FNDA:0,(anonymous_65)
FNDA:0,(anonymous_66)
FNDA:0,(anonymous_67)
FNDA:0,(anonymous_68)
DA:1,0
DA:2,0
DA:3,0
DA:4,0
DA:5,0
DA:6,0
DA:7,0
DA:8,0
DA:9,0
DA:17,0
DA:19,0
DA:21,0
DA:24,0
DA:29,0
DA:83,0
DA:84,0
DA:85,0
DA:86,0
DA:88,0
DA:89,0
DA:90,0
DA:91,0
DA:92,0
DA:93,0
DA:94,0
DA:95,0
DA:96,0
DA:97,0
DA:98,0
DA:99,0
DA:101,0
DA:102,0
DA:103,0
DA:104,0
DA:105,0
DA:107,0
DA:110,0
DA:111,0
DA:113,0
DA:114,0
DA:116,0
DA:117,0
DA:118,0
DA:119,0
DA:120,0
DA:123,0
DA:124,0
DA:134,0
DA:136,0
DA:137,0
DA:138,0
DA:139,0
DA:140,0
DA:141,0
DA:144,0
DA:145,0
DA:146,0
DA:149,0
DA:150,0
DA:151,0
DA:152,0
DA:153,0
DA:156,0
DA:157,0
DA:158,0
DA:161,0
DA:162,0
DA:163,0
DA:164,0
DA:165,0
DA:166,0
DA:167,0
DA:168,0
DA:169,0
DA:170,0
DA:171,0
DA:172,0
DA:173,0
DA:176,0
DA:177,0
DA:181,0
DA:182,0
DA:183,0
DA:184,0
DA:188,0
DA:189,0
DA:190,0
DA:191,0
DA:195,0
DA:196,0
DA:199,0
DA:206,0
DA:207,0
DA:211,0
DA:212,0
DA:213,0
DA:214,0
DA:215,0
DA:217,0
DA:221,0
DA:222,0
DA:225,0
DA:226,0
DA:227,0
DA:230,0
DA:231,0
DA:234,0
DA:235,0
DA:236,0
DA:237,0
DA:240,0
DA:241,0
DA:242,0
DA:243,0
DA:244,0
DA:247,0
DA:253,0
DA:254,0
DA:255,0
DA:256,0
DA:259,0
DA:260,0
DA:261,0
DA:264,0
DA:270,0
DA:271,0
DA:272,0
DA:275,0
DA:276,0
DA:277,0
DA:280,0
DA:281,0
DA:282,0
DA:283,0
DA:284,0
DA:286,0
DA:290,0
DA:291,0
DA:295,0
DA:297,0
DA:298,0
DA:299,0
DA:300,0
DA:301,0
DA:303,0
DA:304,0
DA:305,0
DA:306,0
DA:307,0
DA:308,0
DA:310,0
DA:311,0
DA:312,0
DA:317,0
DA:318,0
DA:319,0
DA:320,0
DA:321,0
DA:322,0
DA:323,0
DA:324,0
DA:325,0
DA:326,0
DA:330,0
DA:331,0
DA:334,0
DA:335,0
DA:338,0
DA:339,0
DA:342,0
DA:343,0
DA:346,0
DA:347,0
DA:350,0
DA:351,0
DA:354,0
DA:355,0
DA:356,0
DA:357,0
DA:358,0
DA:359,0
DA:364,0
DA:365,0
DA:366,0
DA:367,0
DA:368,0
DA:369,0
DA:371,0
DA:372,0
DA:373,0
DA:374,0
DA:375,0
DA:376,0
DA:377,0
DA:378,0
DA:379,0
DA:380,0
DA:383,0
DA:384,0
DA:387,0
DA:389,0
DA:391,0
DA:395,0
DA:396,0
DA:397,0
DA:398,0
DA:399,0
DA:400,0
DA:401,0
DA:402,0
DA:403,0
DA:408,0
DA:409,0
DA:410,0
DA:411,0
DA:412,0
DA:413,0
DA:414,0
DA:415,0
DA:416,0
DA:418,0
DA:422,0
LF:222
LH:0
BRDA:26,0,0,0
BRDA:26,0,1,0
BRDA:107,1,0,0
BRDA:107,1,1,0
BRDA:107,1,2,0
BRDA:111,2,0,0
BRDA:111,2,1,0
BRDA:118,3,0,0
BRDA:118,3,1,0
BRDA:118,4,0,0
BRDA:118,4,1,0
BRDA:123,5,0,0
BRDA:123,5,1,0
BRDA:137,6,0,0
BRDA:137,6,1,0
BRDA:146,7,0,0
BRDA:146,7,1,0
BRDA:157,8,0,0
BRDA:157,8,1,0
BRDA:158,9,0,0
BRDA:158,9,1,0
BRDA:162,10,0,0
BRDA:162,10,1,0
BRDA:165,11,0,0
BRDA:165,11,1,0
BRDA:169,12,0,0
BRDA:169,12,1,0
BRDA:170,13,0,0
BRDA:170,13,1,0
BRDA:170,13,2,0
BRDA:171,14,0,0
BRDA:171,14,1,0
BRDA:177,15,0,0
BRDA:177,15,1,0
BRDA:184,16,0,0
BRDA:184,16,1,0
BRDA:191,17,0,0
BRDA:191,17,1,0
BRDA:207,18,0,0
BRDA:207,18,1,0
BRDA:213,19,0,0
BRDA:213,19,1,0
BRDA:214,20,0,0
BRDA:214,20,1,0
BRDA:237,21,0,0
BRDA:237,21,1,0
BRDA:241,22,0,0
BRDA:241,22,1,0
BRDA:242,23,0,0
BRDA:242,23,1,0
BRDA:243,24,0,0
BRDA:243,24,1,0
BRDA:246,25,0,0
BRDA:246,25,1,0
BRDA:247,26,0,0
BRDA:247,26,1,0
BRDA:247,27,0,0
BRDA:247,27,1,0
BRDA:256,28,0,0
BRDA:256,28,1,0
BRDA:260,29,0,0
BRDA:260,29,1,0
BRDA:263,30,0,0
BRDA:263,30,1,0
BRDA:264,31,0,0
BRDA:264,31,1,0
BRDA:282,32,0,0
BRDA:282,32,1,0
BRDA:282,33,0,0
BRDA:282,33,1,0
BRDA:286,34,0,0
BRDA:286,34,1,0
BRDA:291,35,0,0
BRDA:291,35,1,0
BRDA:299,36,0,0
BRDA:299,36,1,0
BRDA:304,37,0,0
BRDA:304,37,1,0
BRDA:320,38,0,0
BRDA:320,38,1,0
BRDA:321,39,0,0
BRDA:321,39,1,0
BRDA:322,40,0,0
BRDA:322,40,1,0
BRDA:324,41,0,0
BRDA:324,41,1,0
BRDA:356,42,0,0
BRDA:356,42,1,0
BRDA:357,43,0,0
BRDA:357,43,1,0
BRDA:372,44,0,0
BRDA:372,44,1,0
BRDA:372,45,0,0
BRDA:372,45,1,0
BRDA:372,45,2,0
BRDA:377,46,0,0
BRDA:377,46,1,0
BRDA:397,47,0,0
BRDA:397,47,1,0
BRDA:398,48,0,0
BRDA:398,48,1,0
BRDA:401,49,0,0
BRDA:401,49,1,0
BRDA:409,50,0,0
BRDA:409,50,1,0
BRDA:411,51,0,0
BRDA:411,51,1,0
BRDA:413,52,0,0
BRDA:413,52,1,0
BRDA:414,53,0,0
BRDA:414,53,1,0
BRDA:415,54,0,0
BRDA:415,54,1,0
BRF:113
BRH:0
end_of_record
TN:
SF:hooks/useMentions.ts
FN:16,useMentions
FN:28,(anonymous_1)
FN:32,(anonymous_2)
FN:33,(anonymous_3)
FN:40,(anonymous_4)
FN:59,(anonymous_5)
FN:99,(anonymous_6)
FN:122,(anonymous_7)
FN:130,(anonymous_8)
FN:152,(anonymous_9)
FNF:10
FNH:0
FNDA:0,useMentions
FNDA:0,(anonymous_1)
FNDA:0,(anonymous_2)
FNDA:0,(anonymous_3)
FNDA:0,(anonymous_4)
FNDA:0,(anonymous_5)
FNDA:0,(anonymous_6)
FNDA:0,(anonymous_7)
FNDA:0,(anonymous_8)
FNDA:0,(anonymous_9)
DA:1,0
DA:6,0
DA:16,0
DA:17,0
DA:18,0
DA:19,0
DA:21,0
DA:22,0
DA:23,0
DA:24,0
DA:25,0
DA:28,0
DA:29,0
DA:32,0
DA:33,0
DA:34,0
DA:39,0
DA:41,0
DA:42,0
DA:43,0
DA:44,0
DA:45,0
DA:46,0
DA:48,0
DA:50,0
DA:51,0
DA:53,0
DA:58,0
DA:60,0
DA:63,0
DA:65,0
DA:66,0
DA:68,0
DA:69,0
DA:70,0
DA:71,0
DA:72,0
DA:74,0
DA:75,0
DA:76,0
DA:77,0
DA:78,0
DA:79,0
DA:80,0
DA:85,0
DA:86,0
DA:90,0
DA:91,0
DA:93,0
DA:94,0
DA:95,0
DA:96,0
DA:97,0
DA:99,0
DA:100,0
DA:101,0
DA:102,0
DA:103,0
DA:104,0
DA:105,0
DA:108,0
DA:112,0
DA:113,0
DA:114,0
DA:115,0
DA:121,0
DA:123,0
DA:129,0
DA:131,0
DA:132,0
DA:133,0
DA:134,0
DA:135,0
DA:137,0
DA:139,0
DA:141,0
DA:142,0
DA:143,0
DA:144,0
DA:145,0
DA:146,0
DA:152,0
DA:153,0
DA:154,0
DA:155,0
DA:156,0
DA:159,0
LF:87
LH:0
BRDA:34,0,0,0
BRDA:34,0,1,0
BRDA:43,1,0,0
BRDA:43,1,1,0
BRDA:44,2,0,0
BRDA:44,2,1,0
BRDA:44,3,0,0
BRDA:44,3,1,0
BRDA:44,3,2,0
BRDA:46,4,0,0
BRDA:46,4,1,0
BRDA:50,5,0,0
BRDA:50,5,1,0
BRDA:63,6,0,0
BRDA:63,6,1,0
BRDA:66,7,0,0
BRDA:66,7,1,0
BRDA:71,8,0,0
BRDA:71,8,1,0
BRDA:71,9,0,0
BRDA:71,9,1,0
BRDA:71,9,2,0
BRDA:72,10,0,0
BRDA:72,10,1,0
BRDA:93,11,0,0
BRDA:93,11,1,0
BRDA:93,12,0,0
BRDA:93,12,1,0
BRDA:97,13,0,0
BRDA:97,13,1,0
BRDA:100,14,0,0
BRDA:100,14,1,0
BRDA:103,15,0,0
BRDA:103,15,1,0
BRDA:105,16,0,0
BRDA:105,16,1,0
BRDA:115,17,0,0
BRDA:115,17,1,0
BRDA:135,18,0,0
BRDA:135,18,1,0
BRF:40
BRH:0
end_of_record
TN:
SF:hooks/useNavigationPersistence.ts
FN:61,isRestorableState
FN:98,cleanNavigationState
FN:108,(anonymous_3)
FN:133,(anonymous_4)
FN:183,useNavigationPersistence
FN:190,(anonymous_6)
FN:191,(anonymous_7)
FN:253,(anonymous_8)
FN:262,(anonymous_9)
FN:279,(anonymous_10)
FN:287,(anonymous_11)
FN:288,(anonymous_12)
FN:306,clearPersistedNavigationState
FNF:13
FNH:0
FNDA:0,isRestorableState
FNDA:0,cleanNavigationState
FNDA:0,(anonymous_3)
FNDA:0,(anonymous_4)
FNDA:0,useNavigationPersistence
FNDA:0,(anonymous_6)
FNDA:0,(anonymous_7)
FNDA:0,(anonymous_8)
FNDA:0,(anonymous_9)
FNDA:0,(anonymous_10)
FNDA:0,(anonymous_11)
FNDA:0,(anonymous_12)
FNDA:0,clearPersistedNavigationState
DA:16,0
DA:17,0
DA:19,0
DA:21,0
DA:23,0
DA:24,0
DA:33,0
DA:36,0
DA:46,0
DA:65,0
DA:66,0
DA:70,0
DA:71,0
DA:73,0
DA:74,0
DA:78,0
DA:79,0
DA:83,0
DA:84,0
DA:88,0
DA:89,0
DA:92,0
DA:102,0
DA:103,0
DA:107,0
DA:110,0
DA:111,0
DA:115,0
DA:116,0
DA:120,0
DA:121,0
DA:125,0
DA:131,0
DA:133,0
DA:135,0
DA:136,0
DA:140,0
DA:141,0
DA:142,0
DA:145,0
DA:183,0
DA:186,0
DA:187,0
DA:190,0
DA:191,0
DA:192,0
DA:193,0
DA:195,0
DA:196,0
DA:197,0
DA:198,0
DA:201,0
DA:204,0
DA:205,0
DA:206,0
DA:207,0
DA:208,0
DA:212,0
DA:213,0
DA:214,0
DA:215,0
DA:216,0
DA:217,0
DA:221,0
DA:222,0
DA:223,0
DA:224,0
DA:225,0
DA:226,0
DA:228,0
DA:231,0
DA:232,0
DA:235,0
DA:237,0
DA:238,0
DA:241,0
DA:245,0
DA:249,0
DA:250,0
DA:253,0
DA:254,0
DA:257,0
DA:258,0
DA:262,0
DA:263,0
DA:269,0
DA:272,0
DA:273,0
DA:276,0
DA:278,0
DA:280,0
DA:287,0
DA:288,0
DA:289,0
DA:290,0
DA:295,0
DA:306,0
DA:307,0
DA:308,0
DA:309,0
DA:311,0
LF:101
LH:0
BRDA:65,0,0,0
BRDA:65,0,1,0
BRDA:65,1,0,0
BRDA:65,1,1,0
BRDA:65,1,2,0
BRDA:70,2,0,0
BRDA:70,2,1,0
BRDA:73,3,0,0
BRDA:73,3,1,0
BRDA:78,4,0,0
BRDA:78,4,1,0
BRDA:83,5,0,0
BRDA:83,5,1,0
BRDA:83,6,0,0
BRDA:83,6,1,0
BRDA:88,7,0,0
BRDA:88,7,1,0
BRDA:102,8,0,0
BRDA:102,8,1,0
BRDA:102,9,0,0
BRDA:102,9,1,0
BRDA:110,10,0,0
BRDA:110,10,1,0
BRDA:115,11,0,0
BRDA:115,11,1,0
BRDA:115,12,0,0
BRDA:115,12,1,0
BRDA:120,13,0,0
BRDA:120,13,1,0
BRDA:135,14,0,0
BRDA:135,14,1,0
BRDA:140,15,0,0
BRDA:140,15,1,0
BRDA:141,16,0,0
BRDA:141,16,1,0
BRDA:195,17,0,0
BRDA:195,17,1,0
BRDA:204,18,0,0
BRDA:204,18,1,0
BRDA:213,19,0,0
BRDA:213,19,1,0
BRDA:221,20,0,0
BRDA:221,20,1,0
BRDA:224,21,0,0
BRDA:224,21,1,0
BRDA:224,22,0,0
BRDA:224,22,1,0
BRDA:254,23,0,0
BRDA:254,23,1,0
BRDA:257,24,0,0
BRDA:257,24,1,0
BRDA:272,25,0,0
BRDA:272,25,1,0
BRDA:289,26,0,0
BRDA:289,26,1,0
BRF:55
BRH:0
end_of_record
TN:
SF:hooks/useNetworkStatus.ts
FN:4,(anonymous_1)
FN:8,(anonymous_2)
FN:9,(anonymous_3)
FN:15,(anonymous_4)
FN:20,(anonymous_5)
FN:23,(anonymous_6)
FNF:6
FNH:6
FNDA:11,(anonymous_1)
FNDA:6,(anonymous_2)
FNDA:3,(anonymous_3)
FNDA:6,(anonymous_4)
FNDA:6,(anonymous_5)
FNDA:1,(anonymous_6)
DA:1,1
DA:2,1
DA:4,1
DA:5,11
DA:6,11
DA:8,11
DA:9,6
DA:10,3
DA:11,3
DA:15,6
DA:16,6
DA:17,6
DA:20,6
DA:23,11
DA:24,1
DA:25,1
DA:26,1
DA:29,11
LF:18
LH:18
BRDA:33,0,0,11
BRDA:33,0,1,3
BRF:2
BRH:2
end_of_record
TN:
SF:hooks/useProviderLifecycle.ts
FN:53,useProviderLifecycle
FN:83,(anonymous_1)
FN:84,(anonymous_2)
FN:98,(anonymous_3)
FN:111,(anonymous_4)
FN:127,(anonymous_5)
FN:128,(anonymous_6)
FN:129,(anonymous_7)
FN:137,(anonymous_8)
FN:141,(anonymous_9)
FN:154,(anonymous_10)
FN:170,(anonymous_11)
FN:201,(anonymous_12)
FN:204,(anonymous_13)
FN:224,(anonymous_14)
FN:266,(anonymous_15)
FN:284,(anonymous_16)
FN:287,(anonymous_17)
FN:305,(anonymous_18)
FN:323,(anonymous_19)
FN:343,(anonymous_20)
FN:360,(anonymous_21)
FN:362,(anonymous_22)
FN:364,(anonymous_23)
FN:370,(anonymous_24)
FN:376,(anonymous_25)
FN:381,(anonymous_26)
FN:390,(anonymous_27)
FN:391,(anonymous_28)
FN:397,(anonymous_29)
FN:400,(anonymous_30)
FN:403,(anonymous_31)
FN:406,(anonymous_32)
FN:410,(anonymous_33)
FN:416,(anonymous_34)
FN:425,(anonymous_35)
FN:440,(anonymous_36)
FN:452,(anonymous_37)
FNF:38
FNH:0
FNDA:0,useProviderLifecycle
FNDA:0,(anonymous_1)
FNDA:0,(anonymous_2)
FNDA:0,(anonymous_3)
FNDA:0,(anonymous_4)
FNDA:0,(anonymous_5)
FNDA:0,(anonymous_6)
FNDA:0,(anonymous_7)
FNDA:0,(anonymous_8)
FNDA:0,(anonymous_9)
FNDA:0,(anonymous_10)
FNDA:0,(anonymous_11)
FNDA:0,(anonymous_12)
FNDA:0,(anonymous_13)
FNDA:0,(anonymous_14)
FNDA:0,(anonymous_15)
FNDA:0,(anonymous_16)
FNDA:0,(anonymous_17)
FNDA:0,(anonymous_18)
FNDA:0,(anonymous_19)
FNDA:0,(anonymous_20)
FNDA:0,(anonymous_21)
FNDA:0,(anonymous_22)
FNDA:0,(anonymous_23)
FNDA:0,(anonymous_24)
FNDA:0,(anonymous_25)
FNDA:0,(anonymous_26)
FNDA:0,(anonymous_27)
FNDA:0,(anonymous_28)
FNDA:0,(anonymous_29)
FNDA:0,(anonymous_30)
FNDA:0,(anonymous_31)
FNDA:0,(anonymous_32)
FNDA:0,(anonymous_33)
FNDA:0,(anonymous_34)
FNDA:0,(anonymous_35)
FNDA:0,(anonymous_36)
FNDA:0,(anonymous_37)
DA:1,0
DA:2,0
DA:3,0
DA:4,0
DA:8,0
DA:53,0
DA:61,0
DA:62,0
DA:63,0
DA:66,0
DA:83,0
DA:84,0
DA:85,0
DA:86,0
DA:87,0
DA:88,0
DA:91,0
DA:92,0
DA:93,0
DA:94,0
DA:98,0
DA:99,0
DA:101,0
DA:104,0
DA:106,0
DA:110,0
DA:112,0
DA:113,0
DA:114,0
DA:117,0
DA:119,0
DA:120,0
DA:126,0
DA:128,0
DA:129,0
DA:130,0
DA:132,0
DA:135,0
DA:137,0
DA:138,0
DA:139,0
DA:141,0
DA:142,0
DA:143,0
DA:145,0
DA:146,0
DA:148,0
DA:149,0
DA:151,0
DA:152,0
DA:154,0
DA:155,0
DA:156,0
DA:158,0
DA:159,0
DA:161,0
DA:162,0
DA:169,0
DA:174,0
DA:175,0
DA:177,0
DA:178,0
DA:179,0
DA:180,0
DA:181,0
DA:183,0
DA:184,0
DA:185,0
DA:187,0
DA:189,0
DA:190,0
DA:191,0
DA:193,0
DA:194,0
DA:200,0
DA:202,0
DA:203,0
DA:211,0
DA:212,0
DA:214,0
DA:224,0
DA:225,0
DA:226,0
DA:227,0
DA:228,0
DA:229,0
DA:230,0
DA:231,0
DA:232,0
DA:233,0
DA:234,0
DA:235,0
DA:236,0
DA:237,0
DA:239,0
DA:240,0
DA:241,0
DA:243,0
DA:244,0
DA:245,0
DA:247,0
DA:250,0
DA:252,0
DA:254,0
DA:255,0
DA:256,0
DA:257,0
DA:259,0
DA:260,0
DA:261,0
DA:265,0
DA:267,0
DA:268,0
DA:269,0
DA:270,0
DA:272,0
DA:273,0
DA:274,0
DA:275,0
DA:277,0
DA:283,0
DA:285,0
DA:286,0
DA:287,0
DA:288,0
DA:289,0
DA:293,0
DA:294,0
DA:295,0
DA:296,0
DA:297,0
DA:298,0
DA:299,0
DA:303,0
DA:304,0
DA:305,0
DA:306,0
DA:307,0
DA:308,0
DA:309,0
DA:310,0
DA:312,0
DA:313,0
DA:316,0
DA:320,0
DA:323,0
DA:324,0
DA:325,0
DA:326,0
DA:327,0
DA:329,0
DA:333,0
DA:334,0
DA:335,0
DA:338,0
DA:339,0
DA:342,0
DA:343,0
DA:344,0
DA:359,0
DA:361,0
DA:362,0
DA:363,0
DA:364,0
DA:370,0
DA:371,0
DA:372,0
DA:373,0
DA:374,0
DA:375,0
DA:376,0
DA:377,0
DA:381,0
DA:382,0
DA:383,0
DA:384,0
DA:386,0
DA:390,0
DA:391,0
DA:392,0
DA:393,0
DA:394,0
DA:395,0
DA:396,0
DA:397,0
DA:400,0
DA:403,0
DA:404,0
DA:405,0
DA:406,0
DA:407,0
DA:408,0
DA:410,0
DA:411,0
DA:412,0
DA:416,0
DA:417,0
DA:418,0
DA:419,0
DA:425,0
DA:427,0
DA:428,0
DA:429,0
DA:432,0
DA:433,0
DA:436,0
DA:440,0
DA:441,0
DA:442,0
DA:443,0
DA:444,0
DA:445,0
DA:448,0
DA:451,0
DA:452,0
LF:215
LH:0
BRDA:57,0,0,0
BRDA:58,1,0,0
BRDA:59,2,0,0
BRDA:86,3,0,0
BRDA:86,3,1,0
BRDA:91,4,0,0
BRDA:91,4,1,0
BRDA:93,5,0,0
BRDA:93,5,1,0
BRDA:101,6,0,0
BRDA:101,6,1,0
BRDA:101,7,0,0
BRDA:101,7,1,0
BRDA:104,8,0,0
BRDA:104,8,1,0
BRDA:112,9,0,0
BRDA:112,9,1,0
BRDA:117,10,0,0
BRDA:117,10,1,0
BRDA:128,11,0,0
BRDA:128,11,1,0
BRDA:132,12,0,0
BRDA:132,12,1,0
BRDA:132,13,0,0
BRDA:132,13,1,0
BRDA:135,14,0,0
BRDA:135,14,1,0
BRDA:138,15,0,0
BRDA:138,15,1,0
BRDA:138,16,0,0
BRDA:138,16,1,0
BRDA:142,17,0,0
BRDA:142,17,1,0
BRDA:174,18,0,0
BRDA:174,18,1,0
BRDA:177,19,0,0
BRDA:177,19,1,0
BRDA:179,20,0,0
BRDA:179,20,1,0
BRDA:181,21,0,0
BRDA:181,21,1,0
BRDA:183,22,0,0
BRDA:183,22,1,0
BRDA:192,23,0,0
BRDA:192,23,1,0
BRDA:192,23,2,0
BRDA:194,24,0,0
BRDA:194,24,1,0
BRDA:194,25,0,0
BRDA:194,25,1,0
BRDA:202,26,0,0
BRDA:202,26,1,0
BRDA:211,27,0,0
BRDA:211,27,1,0
BRDA:211,28,0,0
BRDA:211,28,1,0
BRDA:227,29,0,0
BRDA:227,29,1,0
BRDA:230,30,0,0
BRDA:230,30,1,0
BRDA:232,31,0,0
BRDA:232,31,1,0
BRDA:237,32,0,0
BRDA:237,32,1,0
BRDA:243,33,0,0
BRDA:243,33,1,0
BRDA:245,34,0,0
BRDA:245,34,1,0
BRDA:247,35,0,0
BRDA:247,35,1,0
BRDA:247,36,0,0
BRDA:247,36,1,0
BRDA:250,37,0,0
BRDA:250,37,1,0
BRDA:255,38,0,0
BRDA:255,38,1,0
BRDA:255,39,0,0
BRDA:255,39,1,0
BRDA:268,40,0,0
BRDA:268,40,1,0
BRDA:285,41,0,0
BRDA:285,41,1,0
BRDA:289,42,0,0
BRDA:289,42,1,0
BRDA:295,43,0,0
BRDA:295,43,1,0
BRDA:295,44,0,0
BRDA:295,44,1,0
BRDA:297,45,0,0
BRDA:297,45,1,0
BRDA:297,46,0,0
BRDA:297,46,1,0
BRDA:303,47,0,0
BRDA:303,47,1,0
BRDA:306,48,0,0
BRDA:306,48,1,0
BRDA:306,49,0,0
BRDA:306,49,1,0
BRDA:308,50,0,0
BRDA:308,50,1,0
BRDA:308,51,0,0
BRDA:308,51,1,0
BRDA:324,52,0,0
BRDA:324,52,1,0
BRDA:324,53,0,0
BRDA:324,53,1,0
BRDA:326,54,0,0
BRDA:326,54,1,0
BRDA:326,55,0,0
BRDA:326,55,1,0
BRDA:333,56,0,0
BRDA:333,56,1,0
BRDA:338,57,0,0
BRDA:338,57,1,0
BRDA:361,58,0,0
BRDA:361,58,1,0
BRDA:371,59,0,0
BRDA:371,59,1,0
BRDA:371,60,0,0
BRDA:371,60,1,0
BRDA:372,61,0,0
BRDA:372,61,1,0
BRDA:382,62,0,0
BRDA:382,62,1,0
BRDA:382,63,0,0
BRDA:382,63,1,0
BRDA:395,64,0,0
BRDA:395,64,1,0
BRDA:395,65,0,0
BRDA:395,65,1,0
BRDA:404,66,0,0
BRDA:404,66,1,0
BRDA:407,67,0,0
BRDA:407,67,1,0
BRDA:411,68,0,0
BRDA:411,68,1,0
BRDA:442,69,0,0
BRDA:442,69,1,0
BRDA:442,70,0,0
BRDA:442,70,1,0
BRDA:443,71,0,0
BRDA:443,71,1,0
BRF:142
BRH:0
end_of_record
TN:
SF:hooks/usePushNotifications.ts
FN:38,usePushNotifications
FN:60,(anonymous_10)
FN:97,(anonymous_11)
FN:104,(anonymous_12)
FN:107,(anonymous_13)
FN:122,(anonymous_14)
FN:139,(anonymous_15)
FN:157,(anonymous_16)
FN:170,(anonymous_17)
FN:171,(anonymous_18)
FN:180,(anonymous_19)
FN:183,(anonymous_20)
FN:186,(anonymous_21)
FNF:13
FNH:0
FNDA:0,usePushNotifications
FNDA:0,(anonymous_10)
FNDA:0,(anonymous_11)
FNDA:0,(anonymous_12)
FNDA:0,(anonymous_13)
FNDA:0,(anonymous_14)
FNDA:0,(anonymous_15)
FNDA:0,(anonymous_16)
FNDA:0,(anonymous_17)
FNDA:0,(anonymous_18)
FNDA:0,(anonymous_19)
FNDA:0,(anonymous_20)
FNDA:0,(anonymous_21)
DA:1,0
DA:2,0
DA:3,0
DA:4,0
DA:5,0
DA:12,0
DA:14,0
DA:38,0
DA:41,0
DA:43,0
DA:44,0
DA:45,0
DA:46,0
DA:48,0
DA:49,0
DA:50,0
DA:51,0
DA:54,0
DA:55,0
DA:56,0
DA:57,0
DA:58,0
DA:60,0
DA:61,0
DA:62,0
DA:63,0
DA:66,0
DA:68,0
DA:70,0
DA:72,0
DA:73,0
DA:74,0
DA:75,0
DA:78,0
DA:79,0
DA:82,0
DA:83,0
DA:86,0
DA:87,0
DA:89,0
DA:90,0
DA:91,0
DA:93,0
DA:97,0
DA:99,0
DA:100,0
DA:104,0
DA:106,0
DA:108,0
DA:113,0
DA:114,0
DA:121,0
DA:123,0
DA:125,0
DA:131,0
DA:134,0
DA:139,0
DA:141,0
DA:142,0
DA:143,0
DA:146,0
DA:147,0
DA:148,0
DA:150,0
DA:157,0
DA:158,0
DA:159,0
DA:161,0
DA:162,0
DA:164,0
DA:165,0
DA:170,0
DA:171,0
DA:172,0
DA:174,0
DA:176,0
DA:179,0
DA:180,0
DA:183,0
DA:184,0
DA:186,0
DA:187,0
DA:192,0
DA:201,0
LF:84
LH:0
BRDA:39,0,0,0
BRDA:41,1,0,0
BRDA:45,2,0,0
BRDA:45,2,1,0
BRDA:46,3,0,0
BRDA:46,3,1,0
BRDA:61,4,0,0
BRDA:61,4,1,0
BRDA:72,5,0,0
BRDA:72,5,1,0
BRDA:82,6,0,0
BRDA:82,6,1,0
BRDA:82,7,0,0
BRDA:82,7,1,0
BRDA:99,8,0,0
BRDA:99,8,1,0
BRDA:99,9,0,0
BRDA:99,9,1,0
BRDA:99,9,2,0
BRDA:99,9,3,0
BRDA:142,10,0,0
BRDA:142,10,1,0
BRDA:142,11,0,0
BRDA:142,11,1,0
BRDA:146,12,0,0
BRDA:146,12,1,0
BRDA:146,13,0,0
BRDA:146,13,1,0
BRDA:158,14,0,0
BRDA:158,14,1,0
BRDA:161,15,0,0
BRDA:161,15,1,0
BRDA:164,16,0,0
BRDA:164,16,1,0
BRDA:172,17,0,0
BRDA:172,17,1,0
BRDA:172,18,0,0
BRDA:172,18,1,0
BRDA:184,19,0,0
BRDA:184,19,1,0
BRDA:184,20,0,0
BRDA:184,20,1,0
BRDA:184,20,2,0
BRDA:184,20,3,0
BRF:44
BRH:0
end_of_record
TN:
SF:hooks/useReactions.ts
FN:4,(anonymous_0)
FN:13,(anonymous_1)
FN:16,(anonymous_2)
FN:18,(anonymous_3)
FN:21,(anonymous_4)
FN:22,(anonymous_5)
FN:22,(anonymous_6)
FN:25,(anonymous_7)
FNF:8
FNH:0
FNDA:0,(anonymous_0)
FNDA:0,(anonymous_1)
FNDA:0,(anonymous_2)
FNDA:0,(anonymous_3)
FNDA:0,(anonymous_4)
FNDA:0,(anonymous_5)
FNDA:0,(anonymous_6)
FNDA:0,(anonymous_7)
DA:1,0
DA:4,0
DA:13,0
DA:14,0
DA:16,0
DA:17,0
DA:18,0
DA:21,0
DA:22,0
DA:25,0
DA:26,0
DA:29,0
LF:12
LH:0
BRDA:13,0,0,0
BRF:1
BRH:0
end_of_record
TN:
SF:hooks/useStreamDetails.ts
FN:15,(anonymous_0)
FN:23,(anonymous_1)
FN:28,(anonymous_2)
FN:32,(anonymous_3)
FN:35,(anonymous_4)
FN:38,(anonymous_5)
FN:43,(anonymous_6)
FN:47,(anonymous_7)
FN:48,(anonymous_8)
FN:51,(anonymous_9)
FNF:10
FNH:0
FNDA:0,(anonymous_0)
FNDA:0,(anonymous_1)
FNDA:0,(anonymous_2)
FNDA:0,(anonymous_3)
FNDA:0,(anonymous_4)
FNDA:0,(anonymous_5)
FNDA:0,(anonymous_6)
FNDA:0,(anonymous_7)
FNDA:0,(anonymous_8)
FNDA:0,(anonymous_9)
DA:1,0
DA:2,0
DA:15,0
DA:16,0
DA:17,0
DA:18,0
DA:19,0
DA:20,0
DA:21,0
DA:23,0
DA:24,0
DA:25,0
DA:26,0
DA:27,0
DA:29,0
DA:30,0
DA:33,0
DA:35,0
DA:38,0
DA:39,0
DA:40,0
DA:41,0
DA:42,0
DA:44,0
DA:45,0
DA:47,0
DA:48,0
DA:51,0
DA:52,0
DA:53,0
DA:54,0
DA:57,0
LF:32
LH:0
BRDA:15,0,0,0
BRDA:24,1,0,0
BRDA:24,1,1,0
BRDA:29,2,0,0
BRDA:29,2,1,0
BRDA:30,3,0,0
BRDA:30,3,1,0
BRDA:33,4,0,0
BRDA:33,4,1,0
BRDA:39,5,0,0
BRDA:39,5,1,0
BRDA:39,6,0,0
BRDA:39,6,1,0
BRDA:44,7,0,0
BRDA:44,7,1,0
BRDA:44,7,2,0
BRDA:45,8,0,0
BRDA:45,8,1,0
BRDA:47,9,0,0
BRDA:47,9,1,0
BRDA:52,10,0,0
BRDA:52,10,1,0
BRDA:54,11,0,0
BRDA:54,11,1,0
BRF:24
BRH:0
end_of_record
TN:
SF:hooks/useTipAnimations.ts
FN:37,(anonymous_0)
FN:40,(anonymous_1)
FN:53,(anonymous_2)
FN:79,(anonymous_3)
FN:84,(anonymous_4)
FN:91,(anonymous_5)
FN:92,(anonymous_6)
FN:96,(anonymous_7)
FN:97,(anonymous_8)
FN:97,(anonymous_9)
FN:108,(anonymous_10)
FN:125,(anonymous_11)
FN:135,(anonymous_12)
FN:141,(anonymous_13)
FN:141,(anonymous_14)
FN:142,(anonymous_15)
FN:148,(anonymous_16)
FN:149,(anonymous_17)
FN:156,(anonymous_18)
FNF:19
FNH:0
FNDA:0,(anonymous_0)
FNDA:0,(anonymous_1)
FNDA:0,(anonymous_2)
FNDA:0,(anonymous_3)
FNDA:0,(anonymous_4)
FNDA:0,(anonymous_5)
FNDA:0,(anonymous_6)
FNDA:0,(anonymous_7)
FNDA:0,(anonymous_8)
FNDA:0,(anonymous_9)
FNDA:0,(anonymous_10)
FNDA:0,(anonymous_11)
FNDA:0,(anonymous_12)
FNDA:0,(anonymous_13)
FNDA:0,(anonymous_14)
FNDA:0,(anonymous_15)
FNDA:0,(anonymous_16)
FNDA:0,(anonymous_17)
FNDA:0,(anonymous_18)
DA:1,0
DA:37,0
DA:40,0
DA:41,0
DA:42,0
DA:43,0
DA:44,0
DA:45,0
DA:46,0
DA:47,0
DA:48,0
DA:49,0
DA:50,0
DA:53,0
DA:54,0
DA:56,0
DA:58,0
DA:60,0
DA:62,0
DA:64,0
DA:66,0
DA:68,0
DA:70,0
DA:72,0
DA:75,0
DA:79,0
DA:80,0
DA:81,0
DA:84,0
DA:85,0
DA:87,0
DA:88,0
DA:89,0
DA:91,0
DA:92,0
DA:93,0
DA:94,0
DA:95,0
DA:96,0
DA:97,0
DA:98,0
DA:100,0
DA:102,0
DA:103,0
DA:107,0
DA:109,0
DA:110,0
DA:111,0
DA:117,0
DA:118,0
DA:119,0
DA:124,0
DA:126,0
DA:127,0
DA:128,0
DA:129,0
DA:134,0
DA:136,0
DA:137,0
DA:138,0
DA:139,0
DA:141,0
DA:142,0
DA:143,0
DA:148,0
DA:149,0
DA:150,0
DA:151,0
DA:152,0
DA:155,0
DA:156,0
LF:71
LH:0
BRDA:41,0,0,0
BRDA:41,0,1,0
BRDA:42,1,0,0
BRDA:42,1,1,0
BRDA:43,2,0,0
BRDA:43,2,1,0
BRDA:44,3,0,0
BRDA:44,3,1,0
BRDA:45,4,0,0
BRDA:45,4,1,0
BRDA:46,5,0,0
BRDA:46,5,1,0
BRDA:47,6,0,0
BRDA:47,6,1,0
BRDA:48,7,0,0
BRDA:48,7,1,0
BRDA:49,8,0,0
BRDA:49,8,1,0
BRDA:54,9,0,0
BRDA:54,9,1,0
BRDA:54,9,2,0
BRDA:54,9,3,0
BRDA:54,9,4,0
BRDA:54,9,5,0
BRDA:54,9,6,0
BRDA:54,9,7,0
BRDA:54,9,8,0
BRDA:54,9,9,0
BRDA:54,9,10,0
BRDA:80,10,0,0
BRDA:80,10,1,0
BRDA:85,11,0,0
BRDA:85,11,1,0
BRDA:93,12,0,0
BRDA:93,12,1,0
BRDA:95,13,0,0
BRDA:95,13,1,0
BRDA:127,14,0,0
BRDA:127,14,1,0
BRDA:128,15,0,0
BRDA:128,15,1,0
BRDA:137,16,0,0
BRDA:137,16,1,0
BRF:43
BRH:0
end_of_record
TN:
SF:hooks/useTranslation.ts
FN:17,stripEmojis
FN:26,useTranslation
FN:35,(anonymous_2)
FN:46,(anonymous_3)
FN:52,(anonymous_4)
FN:54,(anonymous_5)
FN:69,(anonymous_6)
FNF:7
FNH:0
FNDA:0,stripEmojis
FNDA:0,useTranslation
FNDA:0,(anonymous_2)
FNDA:0,(anonymous_3)
FNDA:0,(anonymous_4)
FNDA:0,(anonymous_5)
FNDA:0,(anonymous_6)
DA:1,0
DA:2,0
DA:13,0
DA:14,0
DA:16,0
DA:18,0
DA:26,0
DA:30,0
DA:31,0
DA:32,0
DA:33,0
DA:35,0
DA:36,0
DA:37,0
DA:41,0
DA:46,0
DA:47,0
DA:48,0
DA:49,0
DA:51,0
DA:52,0
DA:53,0
DA:55,0
DA:56,0
DA:59,0
DA:60,0
DA:64,0
DA:65,0
DA:69,0
DA:70,0
DA:73,0
LF:31
LH:0
BRDA:41,0,0,0
BRDA:41,0,1,0
BRDA:41,0,2,0
BRDA:41,0,3,0
BRDA:47,1,0,0
BRDA:47,1,1,0
BRDA:47,2,0,0
BRDA:47,2,1,0
BRDA:52,3,0,0
BRDA:52,3,1,0
BRDA:55,4,0,0
BRDA:55,4,1,0
BRF:12
BRH:0
end_of_record
TN:
SF:hooks/useUploadLive.ts
FN:55,useUploadLive
FN:65,(anonymous_1)
FN:67,(anonymous_2)
FN:93,(anonymous_3)
FN:117,(anonymous_4)
FN:162,(anonymous_5)
FNF:6
FNH:0
FNDA:0,useUploadLive
FNDA:0,(anonymous_1)
FNDA:0,(anonymous_2)
FNDA:0,(anonymous_3)
FNDA:0,(anonymous_4)
FNDA:0,(anonymous_5)
DA:13,0
DA:14,0
DA:15,0
DA:16,0
DA:17,0
DA:21,0
DA:22,0
DA:23,0
DA:24,0
DA:25,0
DA:26,0
DA:27,0
DA:55,0
DA:56,0
DA:57,0
DA:58,0
DA:59,0
DA:60,0
DA:62,0
DA:63,0
DA:65,0
DA:67,0
DA:68,0
DA:69,0
DA:70,0
DA:74,0
DA:75,0
DA:79,0
DA:80,0
DA:81,0
DA:82,0
DA:89,0
DA:92,0
DA:94,0
DA:95,0
DA:99,0
DA:100,0
DA:101,0
DA:106,0
DA:107,0
DA:108,0
DA:111,0
DA:116,0
DA:118,0
DA:119,0
DA:121,0
DA:122,0
DA:123,0
DA:124,0
DA:125,0
DA:128,0
DA:129,0
DA:130,0
DA:131,0
DA:133,0
DA:137,0
DA:138,0
DA:139,0
DA:142,0
DA:149,0
DA:152,0
DA:153,0
DA:156,0
DA:161,0
DA:163,0
DA:164,0
DA:165,0
DA:167,0
DA:168,0
DA:170,0
DA:171,0
DA:173,0
DA:174,0
DA:177,0
DA:178,0
DA:179,0
DA:180,0
DA:181,0
DA:183,0
DA:184,0
DA:187,0
DA:188,0
DA:191,0
DA:192,0
DA:200,0
DA:201,0
DA:204,0
DA:205,0
DA:207,0
DA:208,0
DA:211,0
DA:212,0
DA:218,0
DA:219,0
DA:221,0
DA:239,0
DA:240,0
DA:241,0
DA:244,0
DA:246,0
DA:247,0
DA:258,0
LF:102
LH:0
BRDA:65,0,0,0
BRDA:65,0,1,0
BRDA:69,1,0,0
BRDA:69,1,1,0
BRDA:74,2,0,0
BRDA:74,2,1,0
BRDA:74,3,0,0
BRDA:74,3,1,0
BRDA:79,4,0,0
BRDA:79,4,1,0
BRDA:79,5,0,0
BRDA:79,5,1,0
BRDA:81,6,0,0
BRDA:81,6,1,0
BRDA:99,7,0,0
BRDA:99,7,1,0
BRDA:99,8,0,0
BRDA:99,8,1,0
BRDA:106,9,0,0
BRDA:106,9,1,0
BRDA:118,10,0,0
BRDA:118,10,1,0
BRDA:118,10,2,0
BRDA:122,11,0,0
BRDA:122,11,1,0
BRDA:128,12,0,0
BRDA:128,12,1,0
BRDA:129,13,0,0
BRDA:129,13,1,0
BRDA:139,14,0,0
BRDA:139,14,1,0
BRDA:146,15,0,0
BRDA:146,15,1,0
BRDA:152,16,0,0
BRDA:152,16,1,0
BRDA:152,17,0,0
BRDA:152,17,1,0
BRDA:171,18,0,0
BRDA:171,18,1,0
BRDA:173,19,0,0
BRDA:173,19,1,0
BRDA:174,20,0,0
BRDA:174,20,1,0
BRDA:174,20,2,0
BRDA:183,21,0,0
BRDA:183,21,1,0
BRDA:183,22,0,0
BRDA:183,22,1,0
BRDA:183,22,2,0
BRDA:183,22,3,0
BRDA:183,22,4,0
BRDA:187,23,0,0
BRDA:187,23,1,0
BRDA:207,24,0,0
BRDA:207,24,1,0
BRDA:213,25,0,0
BRDA:213,25,1,0
BRDA:241,26,0,0
BRDA:241,26,1,0
BRDA:243,27,0,0
BRDA:243,27,1,0
BRF:61
BRH:0
end_of_record
TN:
SF:hooks/useUploadPost.ts
FN:47,(anonymous_0)
FN:76,(anonymous_1)
FN:86,(anonymous_2)
FN:88,(anonymous_3)
FN:93,useUploadPost
FN:106,(anonymous_5)
FN:112,(anonymous_6)
FN:113,(anonymous_7)
FN:115,(anonymous_8)
FN:122,(anonymous_9)
FN:186,(anonymous_10)
FN:193,(anonymous_11)
FN:203,(anonymous_12)
FN:211,(anonymous_13)
FN:221,(anonymous_14)
FN:258,(anonymous_15)
FN:303,(anonymous_16)
FN:325,(anonymous_17)
FN:355,(anonymous_18)
FN:389,(anonymous_19)
FN:480,(anonymous_20)
FN:500,(anonymous_21)
FN:562,(anonymous_22)
FN:584,(anonymous_23)
FNF:24
FNH:0
FNDA:0,(anonymous_0)
FNDA:0,(anonymous_1)
FNDA:0,(anonymous_2)
FNDA:0,(anonymous_3)
FNDA:0,useUploadPost
FNDA:0,(anonymous_5)
FNDA:0,(anonymous_6)
FNDA:0,(anonymous_7)
FNDA:0,(anonymous_8)
FNDA:0,(anonymous_9)
FNDA:0,(anonymous_10)
FNDA:0,(anonymous_11)
FNDA:0,(anonymous_12)
FNDA:0,(anonymous_13)
FNDA:0,(anonymous_14)
FNDA:0,(anonymous_15)
FNDA:0,(anonymous_16)
FNDA:0,(anonymous_17)
FNDA:0,(anonymous_18)
FNDA:0,(anonymous_19)
FNDA:0,(anonymous_20)
FNDA:0,(anonymous_21)
FNDA:0,(anonymous_22)
FNDA:0,(anonymous_23)
DA:1,0
DA:3,0
DA:4,0
DA:5,0
DA:6,0
DA:11,0
DA:12,0
DA:13,0
DA:14,0
DA:15,0
DA:16,0
DA:17,0
DA:22,0
DA:24,0
DA:45,0
DA:47,0
DA:48,0
DA:76,0
DA:77,0
DA:78,0
DA:79,0
DA:80,0
DA:86,0
DA:87,0
DA:88,0
DA:89,0
DA:93,0
DA:94,0
DA:95,0
DA:96,0
DA:97,0
DA:98,0
DA:99,0
DA:100,0
DA:102,0
DA:103,0
DA:106,0
DA:107,0
DA:108,0
DA:109,0
DA:112,0
DA:113,0
DA:115,0
DA:116,0
DA:117,0
DA:118,0
DA:119,0
DA:122,0
DA:123,0
DA:125,0
DA:126,0
DA:127,0
DA:128,0
DA:129,0
DA:130,0
DA:132,0
DA:136,0
DA:137,0
DA:138,0
DA:139,0
DA:140,0
DA:144,0
DA:145,0
DA:146,0
DA:147,0
DA:152,0
DA:153,0
DA:157,0
DA:158,0
DA:162,0
DA:163,0
DA:164,0
DA:165,0
DA:166,0
DA:168,0
DA:169,0
DA:170,0
DA:171,0
DA:172,0
DA:173,0
DA:174,0
DA:176,0
DA:177,0
DA:178,0
DA:182,0
DA:185,0
DA:187,0
DA:189,0
DA:190,0
DA:191,0
DA:192,0
DA:193,0
DA:194,0
DA:197,0
DA:198,0
DA:199,0
DA:200,0
DA:201,0
DA:202,0
DA:203,0
DA:204,0
DA:207,0
DA:208,0
DA:209,0
DA:210,0
DA:211,0
DA:212,0
DA:215,0
DA:220,0
DA:222,0
DA:223,0
DA:225,0
DA:229,0
DA:230,0
DA:231,0
DA:233,0
DA:234,0
DA:237,0
DA:238,0
DA:239,0
DA:240,0
DA:241,0
DA:242,0
DA:247,0
DA:248,0
DA:252,0
DA:257,0
DA:259,0
DA:260,0
DA:261,0
DA:263,0
DA:264,0
DA:265,0
DA:266,0
DA:268,0
DA:269,0
DA:272,0
DA:273,0
DA:274,0
DA:276,0
DA:280,0
DA:281,0
DA:282,0
DA:283,0
DA:285,0
DA:288,0
DA:289,0
DA:290,0
DA:291,0
DA:292,0
DA:294,0
DA:300,0
DA:301,0
DA:302,0
DA:303,0
DA:304,0
DA:305,0
DA:306,0
DA:308,0
DA:310,0
DA:312,0
DA:313,0
DA:316,0
DA:317,0
DA:319,0
DA:324,0
DA:327,0
DA:328,0
DA:335,0
DA:336,0
DA:337,0
DA:344,0
DA:345,0
DA:349,0
DA:354,0
DA:356,0
DA:357,0
DA:358,0
DA:359,0
DA:361,0
DA:362,0
DA:364,0
DA:365,0
DA:367,0
DA:368,0
DA:371,0
DA:372,0
DA:373,0
DA:374,0
DA:375,0
DA:377,0
DA:378,0
DA:382,0
DA:383,0
DA:384,0
DA:386,0
DA:387,0
DA:388,0
DA:389,0
DA:391,0
DA:393,0
DA:394,0
DA:395,0
DA:397,0
DA:409,0
DA:410,0
DA:412,0
DA:413,0
DA:417,0
DA:418,0
DA:420,0
DA:426,0
DA:430,0
DA:432,0
DA:433,0
DA:441,0
DA:442,0
DA:444,0
DA:445,0
DA:449,0
DA:450,0
DA:452,0
DA:459,0
DA:460,0
DA:461,0
DA:462,0
DA:464,0
DA:465,0
DA:479,0
DA:481,0
DA:482,0
DA:483,0
DA:485,0
DA:496,0
DA:500,0
DA:506,0
DA:507,0
DA:509,0
DA:521,0
DA:523,0
DA:524,0
DA:532,0
DA:534,0
DA:550,0
DA:551,0
DA:552,0
DA:553,0
DA:556,0
DA:561,0
DA:573,0
DA:574,0
DA:576,0
DA:580,0
DA:584,0
DA:590,0
DA:591,0
DA:593,0
DA:619,0
DA:620,0
DA:621,0
DA:622,0
DA:625,0
DA:630,0
LF:263
LH:0
BRDA:48,0,0,0
BRDA:48,0,1,0
BRDA:48,1,0,0
BRDA:48,1,1,0
BRDA:48,2,0,0
BRDA:48,2,1,0
BRDA:48,3,0,0
BRDA:48,3,1,0
BRDA:77,4,0,0
BRDA:77,4,1,0
BRDA:79,5,0,0
BRDA:79,5,1,0
BRDA:79,6,0,0
BRDA:79,6,1,0
BRDA:87,7,0,0
BRDA:87,7,1,0
BRDA:89,8,0,0
BRDA:89,8,1,0
BRDA:89,8,2,0
BRDA:107,9,0,0
BRDA:107,9,1,0
BRDA:108,10,0,0
BRDA:108,10,1,0
BRDA:108,11,0,0
BRDA:108,11,1,0
BRDA:109,12,0,0
BRDA:109,12,1,0
BRDA:112,13,0,0
BRDA:112,13,1,0
BRDA:116,14,0,0
BRDA:116,14,1,0
BRDA:117,15,0,0
BRDA:117,15,1,0
BRDA:118,16,0,0
BRDA:118,16,1,0
BRDA:123,17,0,0
BRDA:123,17,1,0
BRDA:123,18,0,0
BRDA:123,18,1,0
BRDA:123,19,0,0
BRDA:123,19,1,0
BRDA:125,20,0,0
BRDA:125,20,1,0
BRDA:125,21,0,0
BRDA:125,21,1,0
BRDA:127,22,0,0
BRDA:127,22,1,0
BRDA:128,23,0,0
BRDA:128,23,1,0
BRDA:129,24,0,0
BRDA:129,24,1,0
BRDA:129,25,0,0
BRDA:129,25,1,0
BRDA:136,26,0,0
BRDA:136,26,1,0
BRDA:138,27,0,0
BRDA:138,27,1,0
BRDA:139,28,0,0
BRDA:139,28,1,0
BRDA:140,29,0,0
BRDA:140,29,1,0
BRDA:140,30,0,0
BRDA:140,30,1,0
BRDA:144,31,0,0
BRDA:144,31,1,0
BRDA:145,32,0,0
BRDA:145,32,1,0
BRDA:146,33,0,0
BRDA:146,33,1,0
BRDA:146,34,0,0
BRDA:146,34,1,0
BRDA:152,35,0,0
BRDA:152,35,1,0
BRDA:153,36,0,0
BRDA:153,36,1,0
BRDA:157,37,0,0
BRDA:157,37,1,0
BRDA:158,38,0,0
BRDA:158,38,1,0
BRDA:162,39,0,0
BRDA:162,39,1,0
BRDA:164,40,0,0
BRDA:164,40,1,0
BRDA:166,41,0,0
BRDA:166,41,1,0
BRDA:168,42,0,0
BRDA:168,42,1,0
BRDA:172,43,0,0
BRDA:172,43,1,0
BRDA:173,44,0,0
BRDA:173,44,1,0
BRDA:174,45,0,0
BRDA:174,45,1,0
BRDA:176,46,0,0
BRDA:176,46,1,0
BRDA:178,47,0,0
BRDA:178,47,1,0
BRDA:189,48,0,0
BRDA:189,48,1,0
BRDA:193,49,0,0
BRDA:193,49,1,0
BRDA:194,50,0,0
BRDA:194,50,1,0
BRDA:197,51,0,0
BRDA:197,51,1,0
BRDA:203,52,0,0
BRDA:203,52,1,0
BRDA:204,53,0,0
BRDA:204,53,1,0
BRDA:207,54,0,0
BRDA:207,54,1,0
BRDA:211,55,0,0
BRDA:211,55,1,0
BRDA:212,56,0,0
BRDA:212,56,1,0
BRDA:222,57,0,0
BRDA:222,57,1,0
BRDA:222,58,0,0
BRDA:222,58,1,0
BRDA:229,59,0,0
BRDA:229,59,1,0
BRDA:229,60,0,0
BRDA:229,60,1,0
BRDA:229,60,2,0
BRDA:229,60,3,0
BRDA:233,61,0,0
BRDA:233,61,1,0
BRDA:237,62,0,0
BRDA:237,62,1,0
BRDA:238,63,0,0
BRDA:238,63,1,0
BRDA:239,64,0,0
BRDA:239,64,1,0
BRDA:240,65,0,0
BRDA:240,65,1,0
BRDA:247,66,0,0
BRDA:247,66,1,0
BRDA:259,67,0,0
BRDA:259,67,1,0
BRDA:259,68,0,0
BRDA:259,68,1,0
BRDA:259,69,0,0
BRDA:259,69,1,0
BRDA:260,70,0,0
BRDA:260,70,1,0
BRDA:260,70,2,0
BRDA:265,71,0,0
BRDA:265,71,1,0
BRDA:268,72,0,0
BRDA:268,72,1,0
BRDA:269,73,0,0
BRDA:269,73,1,0
BRDA:272,74,0,0
BRDA:272,74,1,0
BRDA:280,75,0,0
BRDA:280,75,1,0
BRDA:281,76,0,0
BRDA:281,76,1,0
BRDA:288,77,0,0
BRDA:288,77,1,0
BRDA:289,78,0,0
BRDA:289,78,1,0
BRDA:290,79,0,0
BRDA:290,79,1,0
BRDA:292,80,0,0
BRDA:292,80,1,0
BRDA:296,81,0,0
BRDA:296,81,1,0
BRDA:297,82,0,0
BRDA:297,82,1,0
BRDA:301,83,0,0
BRDA:301,83,1,0
BRDA:304,84,0,0
BRDA:304,84,1,0
BRDA:317,85,0,0
BRDA:317,85,1,0
BRDA:327,86,0,0
BRDA:327,86,1,0
BRDA:327,87,0,0
BRDA:327,87,1,0
BRDA:335,88,0,0
BRDA:335,88,1,0
BRDA:339,89,0,0
BRDA:339,89,1,0
BRDA:341,90,0,0
BRDA:341,90,1,0
BRDA:342,91,0,0
BRDA:342,91,1,0
BRDA:344,92,0,0
BRDA:344,92,1,0
BRDA:356,93,0,0
BRDA:356,93,1,0
BRDA:356,94,0,0
BRDA:356,94,1,0
BRDA:356,95,0,0
BRDA:356,95,1,0
BRDA:365,96,0,0
BRDA:365,96,1,0
BRDA:367,97,0,0
BRDA:367,97,1,0
BRDA:368,98,0,0
BRDA:368,98,1,0
BRDA:368,98,2,0
BRDA:377,99,0,0
BRDA:377,99,1,0
BRDA:377,100,0,0
BRDA:377,100,1,0
BRDA:377,100,2,0
BRDA:377,100,3,0
BRDA:377,100,4,0
BRDA:382,101,0,0
BRDA:382,101,1,0
BRDA:382,102,0,0
BRDA:382,102,1,0
BRDA:384,103,0,0
BRDA:384,103,1,0
BRDA:387,104,0,0
BRDA:387,104,1,0
BRDA:389,105,0,0
BRDA:389,105,1,0
BRDA:391,106,0,0
BRDA:391,106,1,0
BRDA:393,107,0,0
BRDA:393,107,1,0
BRDA:394,108,0,0
BRDA:394,108,1,0
BRDA:395,109,0,0
BRDA:395,109,1,0
BRDA:430,110,0,0
BRDA:430,110,1,0
BRDA:461,111,0,0
BRDA:461,111,1,0
BRDA:461,112,0,0
BRDA:461,112,1,0
BRDA:481,113,0,0
BRDA:481,113,1,0
BRDA:481,114,0,0
BRDA:481,114,1,0
BRDA:481,115,0,0
BRDA:481,115,1,0
BRDA:482,116,0,0
BRDA:482,116,1,0
BRDA:483,117,0,0
BRDA:483,117,1,0
BRDA:483,118,0,0
BRDA:483,118,1,0
BRDA:483,119,0,0
BRDA:483,119,1,0
BRDA:483,120,0,0
BRDA:483,120,1,0
BRDA:485,121,0,0
BRDA:485,121,1,0
BRDA:490,122,0,0
BRDA:490,122,1,0
BRDA:491,123,0,0
BRDA:491,123,1,0
BRDA:492,124,0,0
BRDA:492,124,1,0
BRDA:496,125,0,0
BRDA:496,125,1,0
BRDA:497,126,0,0
BRDA:497,126,1,0
BRDA:497,127,0,0
BRDA:497,127,1,0
BRDA:506,128,0,0
BRDA:506,128,1,0
BRDA:506,129,0,0
BRDA:506,129,1,0
BRDA:507,130,0,0
BRDA:507,130,1,0
BRDA:507,130,2,0
BRDA:518,131,0,0
BRDA:518,131,1,0
BRDA:518,132,0,0
BRDA:518,132,1,0
BRDA:521,133,0,0
BRDA:521,133,1,0
BRDA:521,133,2,0
BRDA:523,134,0,0
BRDA:523,134,1,0
BRDA:525,135,0,0
BRDA:525,135,1,0
BRDA:532,136,0,0
BRDA:532,136,1,0
BRDA:532,136,2,0
BRDA:540,137,0,0
BRDA:540,137,1,0
BRDA:540,137,2,0
BRDA:541,138,0,0
BRDA:541,138,1,0
BRDA:551,139,0,0
BRDA:551,139,1,0
BRDA:573,140,0,0
BRDA:573,140,1,0
BRDA:573,141,0,0
BRDA:573,141,1,0
BRDA:573,142,0,0
BRDA:573,142,1,0
BRDA:574,143,0,0
BRDA:574,143,1,0
BRDA:574,144,0,0
BRDA:574,144,1,0
BRDA:574,145,0,0
BRDA:574,145,1,0
BRDA:576,146,0,0
BRDA:576,146,1,0
BRDA:580,147,0,0
BRDA:580,147,1,0
BRDA:581,148,0,0
BRDA:581,148,1,0
BRDA:581,149,0,0
BRDA:581,149,1,0
BRDA:590,150,0,0
BRDA:590,150,1,0
BRDA:590,150,2,0
BRDA:591,151,0,0
BRDA:591,151,1,0
BRDA:591,151,2,0
BRDA:599,152,0,0
BRDA:599,152,1,0
BRDA:599,152,2,0
BRDA:600,153,0,0
BRDA:600,153,1,0
BRDA:602,154,0,0
BRDA:602,154,1,0
BRDA:603,155,0,0
BRDA:603,155,1,0
BRDA:620,156,0,0
BRDA:620,156,1,0
BRF:329
BRH:0
end_of_record
TN:
SF:hooks/useUserProfileData.ts
FN:44,(anonymous_0)
FN:47,(anonymous_1)
FN:49,(anonymous_2)
FN:53,(anonymous_3)
FN:76,(anonymous_4)
FN:78,(anonymous_5)
FN:84,(anonymous_6)
FN:171,(anonymous_7)
FN:177,(anonymous_8)
FN:194,(anonymous_9)
FN:199,(anonymous_10)
FN:204,(anonymous_11)
FN:208,(anonymous_12)
FN:240,(anonymous_13)
FN:266,(anonymous_14)
FN:269,(anonymous_15)
FN:281,(anonymous_16)
FN:287,(anonymous_17)
FN:294,(anonymous_18)
FN:314,(anonymous_19)
FN:319,(anonymous_20)
FN:337,(anonymous_21)
FN:342,(anonymous_22)
FN:362,(anonymous_23)
FN:369,(anonymous_24)
FN:391,(anonymous_25)
FN:394,(anonymous_26)
FN:400,(anonymous_27)
FN:413,(anonymous_28)
FN:422,(anonymous_29)
FN:425,(anonymous_30)
FN:435,(anonymous_31)
FN:444,(anonymous_32)
FN:447,(anonymous_33)
FN:460,(anonymous_34)
FN:463,(anonymous_35)
FN:503,(anonymous_36)
FN:508,(anonymous_37)
FN:511,(anonymous_38)
FN:532,(anonymous_39)
FN:535,(anonymous_40)
FNF:41
FNH:0
FNDA:0,(anonymous_0)
FNDA:0,(anonymous_1)
FNDA:0,(anonymous_2)
FNDA:0,(anonymous_3)
FNDA:0,(anonymous_4)
FNDA:0,(anonymous_5)
FNDA:0,(anonymous_6)
FNDA:0,(anonymous_7)
FNDA:0,(anonymous_8)
FNDA:0,(anonymous_9)
FNDA:0,(anonymous_10)
FNDA:0,(anonymous_11)
FNDA:0,(anonymous_12)
FNDA:0,(anonymous_13)
FNDA:0,(anonymous_14)
FNDA:0,(anonymous_15)
FNDA:0,(anonymous_16)
FNDA:0,(anonymous_17)
FNDA:0,(anonymous_18)
FNDA:0,(anonymous_19)
FNDA:0,(anonymous_20)
FNDA:0,(anonymous_21)
FNDA:0,(anonymous_22)
FNDA:0,(anonymous_23)
FNDA:0,(anonymous_24)
FNDA:0,(anonymous_25)
FNDA:0,(anonymous_26)
FNDA:0,(anonymous_27)
FNDA:0,(anonymous_28)
FNDA:0,(anonymous_29)
FNDA:0,(anonymous_30)
FNDA:0,(anonymous_31)
FNDA:0,(anonymous_32)
FNDA:0,(anonymous_33)
FNDA:0,(anonymous_34)
FNDA:0,(anonymous_35)
FNDA:0,(anonymous_36)
FNDA:0,(anonymous_37)
FNDA:0,(anonymous_38)
FNDA:0,(anonymous_39)
FNDA:0,(anonymous_40)
DA:1,0
DA:2,0
DA:3,0
DA:4,0
DA:13,0
DA:14,0
DA:15,0
DA:16,0
DA:17,0
DA:18,0
DA:19,0
DA:20,0
DA:21,0
DA:40,0
DA:41,0
DA:42,0
DA:44,0
DA:45,0
DA:46,0
DA:47,0
DA:48,0
DA:49,0
DA:53,0
DA:57,0
DA:58,0
DA:59,0
DA:60,0
DA:61,0
DA:62,0
DA:63,0
DA:64,0
DA:65,0
DA:66,0
DA:68,0
DA:69,0
DA:71,0
DA:72,0
DA:73,0
DA:74,0
DA:76,0
DA:77,0
DA:78,0
DA:79,0
DA:83,0
DA:85,0
DA:86,0
DA:87,0
DA:89,0
DA:90,0
DA:92,0
DA:93,0
DA:94,0
DA:95,0
DA:98,0
DA:99,0
DA:101,0
DA:102,0
DA:104,0
DA:105,0
DA:108,0
DA:109,0
DA:111,0
DA:112,0
DA:114,0
DA:115,0
DA:119,0
DA:120,0
DA:124,0
DA:126,0
DA:127,0
DA:129,0
DA:134,0
DA:135,0
DA:137,0
DA:138,0
DA:141,0
DA:142,0
DA:144,0
DA:145,0
DA:147,0
DA:148,0
DA:151,0
DA:152,0
DA:154,0
DA:155,0
DA:157,0
DA:158,0
DA:162,0
DA:163,0
DA:164,0
DA:171,0
DA:172,0
DA:173,0
DA:177,0
DA:178,0
DA:179,0
DA:180,0
DA:181,0
DA:182,0
DA:183,0
DA:184,0
DA:185,0
DA:186,0
DA:187,0
DA:188,0
DA:189,0
DA:193,0
DA:194,0
DA:198,0
DA:199,0
DA:203,0
DA:204,0
DA:208,0
DA:209,0
DA:211,0
DA:212,0
DA:213,0
DA:214,0
DA:215,0
DA:216,0
DA:217,0
DA:218,0
DA:220,0
DA:222,0
DA:223,0
DA:224,0
DA:226,0
DA:240,0
DA:241,0
DA:242,0
DA:266,0
DA:267,0
DA:269,0
DA:270,0
DA:271,0
DA:273,0
DA:275,0
DA:277,0
DA:281,0
DA:284,0
DA:287,0
DA:288,0
DA:289,0
DA:290,0
DA:294,0
DA:295,0
DA:296,0
DA:300,0
DA:301,0
DA:304,0
DA:305,0
DA:306,0
DA:309,0
DA:310,0
DA:312,0
DA:314,0
DA:315,0
DA:316,0
DA:317,0
DA:319,0
DA:320,0
DA:321,0
DA:324,0
DA:337,0
DA:338,0
DA:340,0
DA:342,0
DA:343,0
DA:344,0
DA:346,0
DA:348,0
DA:349,0
DA:351,0
DA:352,0
DA:354,0
DA:356,0
DA:359,0
DA:362,0
DA:363,0
DA:364,0
DA:365,0
DA:369,0
DA:370,0
DA:371,0
DA:375,0
DA:377,0
DA:391,0
DA:392,0
DA:394,0
DA:395,0
DA:396,0
DA:399,0
DA:400,0
DA:401,0
DA:402,0
DA:403,0
DA:406,0
DA:407,0
DA:409,0
DA:410,0
DA:412,0
DA:413,0
DA:414,0
DA:415,0
DA:421,0
DA:423,0
DA:424,0
DA:425,0
DA:426,0
DA:435,0
DA:436,0
DA:437,0
DA:438,0
DA:439,0
DA:440,0
DA:443,0
DA:445,0
DA:447,0
DA:448,0
DA:449,0
DA:451,0
DA:452,0
DA:453,0
DA:454,0
DA:458,0
DA:459,0
DA:461,0
DA:463,0
DA:466,0
DA:467,0
DA:475,0
DA:481,0
DA:490,0
DA:503,0
DA:504,0
DA:505,0
DA:508,0
DA:509,0
DA:511,0
DA:512,0
DA:513,0
DA:515,0
DA:516,0
DA:517,0
DA:518,0
DA:519,0
DA:522,0
DA:524,0
DA:525,0
DA:527,0
DA:532,0
DA:533,0
DA:535,0
DA:536,0
DA:537,0
DA:539,0
DA:540,0
DA:541,0
DA:542,0
DA:544,0
DA:547,0
DA:549,0
DA:550,0
DA:552,0
DA:557,0
LF:265
LH:0
BRDA:45,0,0,0
BRDA:45,0,1,0
BRDA:85,1,0,0
BRDA:85,1,1,0
BRDA:86,2,0,0
BRDA:86,2,1,0
BRDA:90,3,0,0
BRDA:90,3,1,0
BRDA:92,4,0,0
BRDA:92,4,1,0
BRDA:92,5,0,0
BRDA:92,5,1,0
BRDA:93,6,0,0
BRDA:93,6,1,0
BRDA:93,7,0,0
BRDA:93,7,1,0
BRDA:98,8,0,0
BRDA:98,8,1,0
BRDA:101,9,0,0
BRDA:101,9,1,0
BRDA:104,10,0,0
BRDA:104,10,1,0
BRDA:108,11,0,0
BRDA:108,11,1,0
BRDA:111,12,0,0
BRDA:111,12,1,0
BRDA:114,13,0,0
BRDA:114,13,1,0
BRDA:119,14,0,0
BRDA:119,14,1,0
BRDA:127,15,0,0
BRDA:127,15,1,0
BRDA:127,15,2,0
BRDA:129,16,0,0
BRDA:129,16,1,0
BRDA:130,17,0,0
BRDA:130,17,1,0
BRDA:130,17,2,0
BRDA:141,18,0,0
BRDA:141,18,1,0
BRDA:144,19,0,0
BRDA:144,19,1,0
BRDA:147,20,0,0
BRDA:147,20,1,0
BRDA:151,21,0,0
BRDA:151,21,1,0
BRDA:154,22,0,0
BRDA:154,22,1,0
BRDA:157,23,0,0
BRDA:157,23,1,0
BRDA:163,24,0,0
BRDA:163,24,1,0
BRDA:163,25,0,0
BRDA:163,25,1,0
BRDA:172,26,0,0
BRDA:172,26,1,0
BRDA:172,27,0,0
BRDA:172,27,1,0
BRDA:178,28,0,0
BRDA:178,28,1,0
BRDA:209,29,0,0
BRDA:209,29,1,0
BRDA:212,30,0,0
BRDA:212,30,1,0
BRDA:213,31,0,0
BRDA:213,31,1,0
BRDA:213,32,0,0
BRDA:213,32,1,0
BRDA:216,33,0,0
BRDA:216,33,1,0
BRDA:218,34,0,0
BRDA:218,34,1,0
BRDA:220,35,0,0
BRDA:220,35,1,0
BRDA:221,36,0,0
BRDA:221,36,1,0
BRDA:221,37,0,0
BRDA:221,37,1,0
BRDA:222,38,0,0
BRDA:222,38,1,0
BRDA:241,39,0,0
BRDA:241,39,1,0
BRDA:246,40,0,0
BRDA:246,40,1,0
BRDA:251,41,0,0
BRDA:251,41,1,0
BRDA:256,42,0,0
BRDA:256,42,1,0
BRDA:261,43,0,0
BRDA:261,43,1,0
BRDA:267,44,0,0
BRDA:267,44,1,0
BRDA:267,45,0,0
BRDA:267,45,1,0
BRDA:267,45,2,0
BRDA:270,46,0,0
BRDA:270,46,1,0
BRDA:271,47,0,0
BRDA:271,47,1,0
BRDA:273,48,0,0
BRDA:273,48,1,0
BRDA:273,49,0,0
BRDA:273,49,1,0
BRDA:277,50,0,0
BRDA:277,50,1,0
BRDA:288,51,0,0
BRDA:288,51,1,0
BRDA:289,52,0,0
BRDA:289,52,1,0
BRDA:295,53,0,0
BRDA:295,53,1,0
BRDA:304,54,0,0
BRDA:304,54,1,0
BRDA:309,55,0,0
BRDA:309,55,1,0
BRDA:315,56,0,0
BRDA:315,56,1,0
BRDA:316,57,0,0
BRDA:316,57,1,0
BRDA:320,58,0,0
BRDA:320,58,1,0
BRDA:338,59,0,0
BRDA:338,59,1,0
BRDA:338,60,0,0
BRDA:338,60,1,0
BRDA:340,61,0,0
BRDA:340,61,1,0
BRDA:340,62,0,0
BRDA:340,62,1,0
BRDA:343,63,0,0
BRDA:343,63,1,0
BRDA:344,64,0,0
BRDA:344,64,1,0
BRDA:346,65,0,0
BRDA:346,65,1,0
BRDA:346,66,0,0
BRDA:346,66,1,0
BRDA:354,67,0,0
BRDA:354,67,1,0
BRDA:363,68,0,0
BRDA:363,68,1,0
BRDA:364,69,0,0
BRDA:364,69,1,0
BRDA:370,70,0,0
BRDA:370,70,1,0
BRDA:375,71,0,0
BRDA:375,71,1,0
BRDA:392,72,0,0
BRDA:392,72,1,0
BRDA:392,73,0,0
BRDA:392,73,1,0
BRDA:395,74,0,0
BRDA:395,74,1,0
BRDA:396,75,0,0
BRDA:396,75,1,0
BRDA:401,76,0,0
BRDA:401,76,1,0
BRDA:402,77,0,0
BRDA:402,77,1,0
BRDA:414,78,0,0
BRDA:414,78,1,0
BRDA:415,79,0,0
BRDA:415,79,1,0
BRDA:423,80,0,0
BRDA:423,80,1,0
BRDA:424,81,0,0
BRDA:424,81,1,0
BRDA:424,82,0,0
BRDA:424,82,1,0
BRDA:436,83,0,0
BRDA:436,83,1,0
BRDA:437,84,0,0
BRDA:437,84,1,0
BRDA:445,85,0,0
BRDA:445,85,1,0
BRDA:445,86,0,0
BRDA:445,86,1,0
BRDA:448,87,0,0
BRDA:448,87,1,0
BRDA:448,87,2,0
BRDA:449,88,0,0
BRDA:449,88,1,0
BRDA:451,89,0,0
BRDA:451,89,1,0
BRDA:452,90,0,0
BRDA:452,90,1,0
BRDA:458,91,0,0
BRDA:458,91,1,0
BRDA:458,91,2,0
BRDA:461,92,0,0
BRDA:461,92,1,0
BRDA:463,93,0,0
BRDA:463,93,1,0
BRDA:466,94,0,0
BRDA:466,94,1,0
BRDA:504,95,0,0
BRDA:504,95,1,0
BRDA:504,96,0,0
BRDA:504,96,1,0
BRDA:509,97,0,0
BRDA:509,97,1,0
BRDA:509,98,0,0
BRDA:509,98,1,0
BRDA:512,99,0,0
BRDA:512,99,1,0
BRDA:513,100,0,0
BRDA:513,100,1,0
BRDA:533,101,0,0
BRDA:533,101,1,0
BRDA:533,102,0,0
BRDA:533,102,1,0
BRDA:536,103,0,0
BRDA:536,103,1,0
BRDA:537,104,0,0
BRDA:537,104,1,0
BRDA:565,105,0,0
BRDA:565,105,1,0
BRDA:566,106,0,0
BRDA:566,106,1,0
BRDA:566,106,2,0
BRF:220
BRH:0
end_of_record
TN:
SF:hooks/useViewTracking.ts
FN:23,usePostViewTracking
FN:28,(anonymous_1)
FN:29,(anonymous_2)
FN:37,(anonymous_3)
FN:40,(anonymous_4)
FN:47,(anonymous_5)
FN:61,(anonymous_6)
FN:108,useSingleItemViewTracking
FN:111,(anonymous_8)
FN:116,(anonymous_9)
FN:122,(anonymous_10)
FN:126,(anonymous_11)
FN:133,(anonymous_12)
FNF:13
FNH:0
FNDA:0,usePostViewTracking
FNDA:0,(anonymous_1)
FNDA:0,(anonymous_2)
FNDA:0,(anonymous_3)
FNDA:0,(anonymous_4)
FNDA:0,(anonymous_5)
FNDA:0,(anonymous_6)
FNDA:0,useSingleItemViewTracking
FNDA:0,(anonymous_8)
FNDA:0,(anonymous_9)
FNDA:0,(anonymous_10)
FNDA:0,(anonymous_11)
FNDA:0,(anonymous_12)
DA:1,0
DA:2,0
DA:3,0
DA:23,0
DA:25,0
DA:28,0
DA:29,0
DA:30,0
DA:31,0
DA:35,0
DA:37,0
DA:38,0
DA:40,0
DA:41,0
DA:42,0
DA:47,0
DA:48,0
DA:49,0
DA:50,0
DA:51,0
DA:52,0
DA:54,0
DA:61,0
DA:66,0
DA:67,0
DA:68,0
DA:70,0
DA:73,0
DA:81,0
DA:86,0
DA:108,0
DA:109,0
DA:111,0
DA:112,0
DA:113,0
DA:116,0
DA:117,0
DA:118,0
DA:122,0
DA:123,0
DA:126,0
DA:127,0
DA:130,0
DA:133,0
DA:137,0
LF:45
LH:0
BRDA:30,0,0,0
BRDA:30,0,1,0
BRDA:30,1,0,0
BRDA:30,1,1,0
BRDA:50,2,0,0
BRDA:50,2,1,0
BRDA:67,3,0,0
BRDA:67,3,1,0
BRDA:68,4,0,0
BRDA:68,4,1,0
BRDA:73,5,0,0
BRDA:73,5,1,0
BRDA:112,6,0,0
BRDA:112,6,1,0
BRDA:133,7,0,0
BRDA:133,7,1,0
BRF:16
BRH:0
end_of_record
TN:
SF:hooks/useWalletAuth.ts
FN:9,(anonymous_0)
FN:11,(anonymous_1)
FN:18,(anonymous_2)
FN:28,(anonymous_3)
FN:36,(anonymous_4)
FN:43,(anonymous_5)
FN:56,(anonymous_6)
FN:70,(anonymous_7)
FN:73,(anonymous_8)
FNF:9
FNH:0
FNDA:0,(anonymous_0)
FNDA:0,(anonymous_1)
FNDA:0,(anonymous_2)
FNDA:0,(anonymous_3)
FNDA:0,(anonymous_4)
FNDA:0,(anonymous_5)
FNDA:0,(anonymous_6)
FNDA:0,(anonymous_7)
FNDA:0,(anonymous_8)
DA:1,0
DA:2,0
DA:3,0
DA:4,0
DA:5,0
DA:6,0
DA:9,0
DA:11,0
DA:12,0
DA:15,0
DA:18,0
DA:19,0
DA:25,0
DA:28,0
DA:29,0
DA:30,0
DA:31,0
DA:32,0
DA:33,0
DA:36,0
DA:37,0
DA:39,0
DA:42,0
DA:44,0
DA:45,0
DA:46,0
DA:47,0
DA:49,0
DA:50,0
DA:56,0
DA:58,0
DA:59,0
DA:60,0
DA:61,0
DA:62,0
DA:66,0
DA:70,0
DA:71,0
DA:73,0
DA:74,0
DA:75,0
DA:78,0
DA:79,0
DA:82,0
DA:86,0
LF:45
LH:0
BRDA:12,0,0,0
BRDA:12,0,1,0
BRDA:25,1,0,0
BRDA:25,1,1,0
BRDA:37,2,0,0
BRDA:37,2,1,0
BRDA:39,3,0,0
BRDA:39,3,1,0
BRDA:46,4,0,0
BRDA:46,4,1,0
BRDA:46,4,2,0
BRDA:58,5,0,0
BRDA:58,5,1,0
BRDA:58,6,0,0
BRDA:58,6,1,0
BRDA:71,7,0,0
BRDA:71,7,1,0
BRDA:71,8,0,0
BRDA:71,8,1,0
BRF:19
BRH:0
end_of_record
TN:
SF:libs/aa.write.ts
FN:8,toHex
FN:23,ensureSigner
FN:31,writeContractAA
FN:102,(anonymous_3)
FN:121,(anonymous_4)
FN:130,erc20TransferAA
FNF:6
FNH:0
FNDA:0,toHex
FNDA:0,ensureSigner
FNDA:0,writeContractAA
FNDA:0,(anonymous_3)
FNDA:0,(anonymous_4)
FNDA:0,erc20TransferAA
DA:1,0
DA:2,0
DA:3,0
DA:4,0
DA:9,0
DA:10,0
DA:11,0
DA:12,0
DA:13,0
DA:15,0
DA:17,0
DA:19,0
DA:24,0
DA:25,0
DA:26,0
DA:27,0
DA:31,0
DA:41,0
DA:42,0
DA:43,0
DA:46,0
DA:47,0
DA:48,0
DA:51,0
DA:52,0
DA:56,0
DA:57,0
DA:58,0
DA:59,0
DA:60,0
DA:64,0
DA:68,0
DA:69,0
DA:70,0
DA:71,0
DA:74,0
DA:75,0
DA:77,0
DA:79,0
DA:80,0
DA:82,0
DA:83,0
DA:84,0
DA:85,0
DA:86,0
DA:90,0
DA:91,0
DA:93,0
DA:94,0
DA:102,0
DA:103,0
DA:104,0
DA:105,0
DA:107,0
DA:109,0
DA:110,0
DA:115,0
DA:116,0
DA:117,0
DA:118,0
DA:119,0
DA:120,0
DA:121,0
DA:122,0
DA:124,0
DA:125,0
DA:130,0
DA:136,0
DA:137,0
LF:69
LH:0
BRDA:9,0,0,0
BRDA:9,0,1,0
BRDA:9,1,0,0
BRDA:9,1,1,0
BRDA:11,2,0,0
BRDA:11,2,1,0
BRDA:12,3,0,0
BRDA:12,3,1,0
BRDA:15,4,0,0
BRDA:15,4,1,0
BRDA:24,5,0,0
BRDA:24,5,1,0
BRDA:25,6,0,0
BRDA:25,6,1,0
BRDA:26,7,0,0
BRDA:26,7,1,0
BRDA:41,8,0,0
BRDA:41,8,1,0
BRDA:42,9,0,0
BRDA:42,9,1,0
BRDA:43,10,0,0
BRDA:43,10,1,0
BRDA:47,11,0,0
BRDA:47,11,1,0
BRDA:47,12,0,0
BRDA:47,12,1,0
BRDA:58,13,0,0
BRDA:58,13,1,0
BRDA:58,14,0,0
BRDA:58,14,1,0
BRDA:74,15,0,0
BRDA:74,15,1,0
BRDA:75,16,0,0
BRDA:75,16,1,0
BRDA:77,17,0,0
BRDA:77,17,1,0
BRDA:83,18,0,0
BRDA:83,18,1,0
BRDA:93,19,0,0
BRDA:93,19,1,0
BRDA:93,19,2,0
BRDA:99,20,0,0
BRDA:99,20,1,0
BRDA:99,21,0,0
BRDA:99,21,1,0
BRDA:100,22,0,0
BRDA:100,22,1,0
BRDA:100,23,0,0
BRDA:100,23,1,0
BRDA:102,24,0,0
BRDA:104,25,0,0
BRDA:104,25,1,0
BRDA:117,26,0,0
BRDA:117,26,1,0
BRDA:118,27,0,0
BRDA:118,27,1,0
BRDA:121,28,0,0
BRDA:136,29,0,0
BRDA:136,29,1,0
BRF:59
BRH:0
end_of_record
TN:
SF:libs/api.client.ts
FN:31,(anonymous_1)
FN:173,(anonymous_2)
FN:177,(anonymous_3)
FN:181,(anonymous_4)
FN:185,(anonymous_5)
FN:189,(anonymous_6)
FN:196,(anonymous_7)
FNF:7
FNH:7
FNDA:12,(anonymous_1)
FNDA:7,(anonymous_2)
FNDA:1,(anonymous_3)
FNDA:1,(anonymous_4)
FNDA:2,(anonymous_5)
FNDA:1,(anonymous_6)
FNDA:2,(anonymous_7)
DA:1,1
DA:2,1
DA:3,1
DA:4,1
DA:5,1
DA:6,1
DA:8,1
DA:9,1
DA:12,1
DA:24,1
DA:37,12
DA:40,12
DA:45,12
DA:51,12
DA:59,12
DA:60,12
DA:64,12
DA:66,3
DA:67,3
DA:68,3
DA:72,12
DA:78,12
DA:79,3
DA:82,12
DA:83,12
DA:85,12
DA:86,12
DA:88,12
DA:91,12
DA:93,1
DA:97,11
DA:98,9
DA:99,9
DA:102,0
DA:103,0
DA:104,0
DA:107,2
DA:109,2
DA:110,2
DA:111,0
DA:112,0
DA:114,0
DA:118,2
DA:122,11
DA:123,4
DA:125,2
DA:126,2
DA:127,1
DA:128,1
DA:132,1
DA:133,0
DA:135,1
DA:136,1
DA:137,1
DA:138,1
DA:140,0
DA:142,1
DA:143,1
DA:145,0
DA:146,0
DA:147,0
DA:148,0
DA:150,0
DA:155,1
DA:159,2
DA:161,2
DA:162,2
DA:165,7
DA:167,3
DA:168,3
DA:174,7
DA:178,1
DA:182,1
DA:186,2
DA:190,1
DA:197,2
DA:198,2
DA:199,2
DA:204,1
DA:206,0
LF:80
LH:66
BRDA:8,0,0,1
BRDA:8,0,1,0
BRDA:31,1,0,0
BRDA:33,2,0,0
BRDA:35,3,0,12
BRDA:36,4,0,3
BRDA:45,5,0,12
BRDA:45,5,1,12
BRDA:45,5,2,12
BRDA:45,5,3,3
BRDA:45,5,4,12
BRDA:45,5,5,3
BRDA:45,5,6,0
BRDA:59,6,0,12
BRDA:59,6,1,0
BRDA:64,7,0,3
BRDA:64,7,1,9
BRDA:78,8,0,3
BRDA:78,8,1,9
BRDA:79,9,0,0
BRDA:79,9,1,3
BRDA:86,10,0,12
BRDA:86,10,1,1
BRDA:91,11,0,1
BRDA:91,11,1,11
BRDA:91,12,0,12
BRDA:91,12,1,11
BRDA:97,13,0,9
BRDA:97,13,1,2
BRDA:110,14,0,0
BRDA:110,14,1,2
BRDA:110,15,0,2
BRDA:110,15,1,2
BRDA:122,16,0,4
BRDA:122,16,1,7
BRDA:123,17,0,2
BRDA:123,17,1,2
BRDA:123,18,0,4
BRDA:123,18,1,2
BRDA:123,18,2,2
BRDA:126,19,0,1
BRDA:126,19,1,1
BRDA:132,20,0,0
BRDA:132,20,1,1
BRDA:133,21,0,0
BRDA:133,21,1,0
BRDA:136,22,0,1
BRDA:136,22,1,0
BRDA:137,23,0,1
BRDA:137,23,1,0
BRDA:138,24,0,0
BRDA:138,24,1,1
BRDA:138,25,0,1
BRDA:138,25,1,1
BRDA:142,26,0,1
BRDA:142,26,1,0
BRDA:147,27,0,0
BRDA:147,27,1,0
BRDA:147,28,0,0
BRDA:147,28,1,0
BRDA:159,29,0,2
BRDA:159,29,1,1
BRDA:159,29,2,1
BRDA:159,29,3,1
BRDA:159,30,0,0
BRDA:159,30,1,1
BRDA:161,31,0,1
BRDA:161,31,1,1
BRDA:161,32,0,2
BRDA:161,32,1,1
BRDA:199,33,0,1
BRDA:199,33,1,1
BRF:72
BRH:53
end_of_record
TN:
SF:libs/assets.util.ts
FN:9,(anonymous_10)
FN:24,(anonymous_11)
FN:52,(anonymous_12)
FN:64,(anonymous_13)
FN:78,(anonymous_14)
FN:88,(anonymous_15)
FN:98,(anonymous_16)
FNF:7
FNH:0
FNDA:0,(anonymous_10)
FNDA:0,(anonymous_11)
FNDA:0,(anonymous_12)
FNDA:0,(anonymous_13)
FNDA:0,(anonymous_14)
FNDA:0,(anonymous_15)
FNDA:0,(anonymous_16)
DA:2,0
DA:3,0
DA:9,0
DA:10,0
DA:11,0
DA:12,0
DA:24,0
DA:25,0
DA:26,0
DA:34,0
DA:35,0
DA:36,0
DA:38,0
DA:40,0
DA:41,0
DA:42,0
DA:52,0
DA:53,0
DA:55,0
DA:57,0
DA:60,0
DA:64,0
DA:68,0
DA:73,0
DA:78,0
DA:82,0
DA:88,0
DA:89,0
DA:90,0
DA:91,0
DA:92,0
DA:94,0
DA:98,0
DA:99,0
DA:100,0
DA:101,0
DA:102,0
DA:103,0
DA:104,0
DA:105,0
DA:106,0
DA:107,0
LF:42
LH:0
BRDA:25,0,0,0
BRDA:25,1,0,0
BRDA:25,2,0,0
BRDA:25,3,0,0
BRDA:34,4,0,0
BRDA:34,4,1,0
BRDA:35,5,0,0
BRDA:35,5,1,0
BRDA:36,6,0,0
BRDA:36,6,1,0
BRDA:41,7,0,0
BRDA:41,7,1,0
BRDA:42,8,0,0
BRDA:42,8,1,0
BRDA:53,9,0,0
BRDA:53,9,1,0
BRDA:53,9,2,0
BRDA:53,9,3,0
BRDA:66,10,0,0
BRDA:66,11,0,0
BRDA:81,12,0,0
BRDA:91,13,0,0
BRDA:91,13,1,0
BRDA:99,14,0,0
BRDA:99,14,1,0
BRDA:100,15,0,0
BRDA:100,15,1,0
BRDA:101,16,0,0
BRDA:101,16,1,0
BRDA:102,17,0,0
BRDA:102,17,1,0
BRDA:103,18,0,0
BRDA:103,18,1,0
BRDA:104,19,0,0
BRDA:104,19,1,0
BRDA:104,20,0,0
BRDA:104,20,1,0
BRDA:105,21,0,0
BRDA:105,21,1,0
BRDA:106,22,0,0
BRDA:106,22,1,0
BRF:41
BRH:0
end_of_record
TN:
SF:libs/audioFocus.ts
FN:17,requestAudioFocus
FN:25,releaseAudioFocus
FN:32,revokeAudioFocus
FNF:3
FNH:3
FNDA:9,requestAudioFocus
FNDA:2,releaseAudioFocus
FNDA:7,revokeAudioFocus
DA:14,1
DA:17,1
DA:18,9
DA:19,2
DA:21,9
DA:25,1
DA:26,2
DA:27,1
DA:32,1
DA:33,7
DA:34,5
DA:35,5
LF:12
LH:12
BRDA:18,0,0,2
BRDA:18,0,1,7
BRDA:18,1,0,9
BRDA:18,1,1,3
BRDA:26,2,0,1
BRDA:26,2,1,1
BRDA:33,3,0,5
BRDA:33,3,1,2
BRF:8
BRH:8
end_of_record
TN:
SF:libs/auth.utils.ts
FN:19,getAuthToken
FN:26,setAuthToken
[...]
DA:104,0
DA:105,0
DA:109,0
DA:114,0
DA:115,0
DA:116,0
DA:119,0
DA:120,0
DA:121,0
DA:122,0
DA:124,0
DA:128,0
DA:129,0
DA:133,0
DA:137,0
DA:150,0
DA:151,0
DA:153,0
DA:154,0
DA:155,0
DA:165,0
DA:167,0
DA:179,0
DA:192,0
DA:193,0
DA:195,0
DA:196,0
DA:197,0
DA:208,0
DA:210,0
DA:223,0
DA:241,0
DA:245,0
DA:246,0
DA:248,0
DA:250,0
DA:251,0
DA:252,0
DA:266,0
DA:268,0
DA:286,0
DA:296,0
DA:297,0
DA:299,0
DA:308,0
DA:310,0
DA:320,0
DA:325,0
DA:326,0
DA:330,0
DA:331,0
DA:336,0
DA:337,0
DA:339,0
DA:340,0
DA:341,0
DA:342,0
DA:344,0
DA:345,0
DA:349,0
DA:354,0
DA:355,0
DA:357,0
DA:358,0
DA:359,0
DA:360,0
DA:362,0
DA:363,0
DA:367,0
DA:372,0
DA:374,0
DA:376,0
DA:378,0
DA:380,0
DA:381,0
DA:383,0
DA:384,0
DA:387,0
DA:392,0
DA:394,0
DA:396,0
DA:398,0
DA:400,0
DA:401,0
DA:403,0
DA:404,0
DA:407,0
DA:412,0
DA:413,0
DA:414,0
DA:415,0
DA:417,0
DA:418,0
DA:419,0
DA:421,0
DA:423,0
DA:429,0
DA:430,0
DA:432,0
DA:433,0
DA:434,0
DA:435,0
DA:436,0
DA:437,0
DA:438,0
DA:439,0
DA:440,0
DA:441,0
DA:442,0
DA:443,0
DA:444,0
DA:445,0
DA:446,0
DA:447,0
DA:448,0
DA:449,0
DA:452,0
DA:457,0
DA:462,0
DA:463,0
DA:464,0
DA:466,0
DA:467,0
DA:471,0
DA:477,0
DA:478,0
DA:479,0
DA:481,0
DA:482,0
DA:487,0
DA:489,0
DA:490,0
DA:491,0
DA:493,0
DA:494,0
DA:495,0
DA:497,0
DA:505,0
DA:511,0
DA:512,0
DA:513,0
DA:514,0
DA:515,0
DA:516,0
DA:521,0
DA:525,0
DA:526,0
DA:527,0
DA:533,0
DA:535,0
DA:537,0
DA:556,0
DA:558,0
DA:560,0
DA:565,0
DA:566,0
DA:583,0
DA:597,0
DA:619,0
LF:183
LH:0
BRDA:102,0,0,0
BRDA:102,0,1,0
BRDA:153,1,0,0
BRDA:153,1,1,0
BRDA:154,2,0,0
BRDA:154,2,1,0
BRDA:154,2,2,0
BRDA:154,3,0,0
BRDA:154,3,1,0
BRDA:163,4,0,0
BRDA:163,4,1,0
BRDA:195,5,0,0
BRDA:195,5,1,0
BRDA:196,6,0,0
BRDA:196,6,1,0
BRDA:196,6,2,0
BRDA:196,7,0,0
BRDA:196,7,1,0
BRDA:201,8,0,0
BRDA:201,8,1,0
BRDA:206,9,0,0
BRDA:206,9,1,0
BRDA:246,10,0,0
BRDA:246,10,1,0
BRDA:248,11,0,0
BRDA:248,11,1,0
BRDA:248,12,0,0
BRDA:248,12,1,0
BRDA:250,13,0,0
BRDA:250,13,1,0
BRDA:251,14,0,0
BRDA:251,14,1,0
BRDA:251,14,2,0
BRDA:251,15,0,0
BRDA:251,15,1,0
BRDA:256,16,0,0
BRDA:256,16,1,0
BRDA:260,17,0,0
BRDA:260,17,1,0
BRDA:260,18,0,0
BRDA:260,18,1,0
BRDA:260,19,0,0
BRDA:260,19,1,0
BRDA:263,20,0,0
BRDA:263,20,1,0
BRDA:336,21,0,0
BRDA:336,21,1,0
BRDA:336,22,0,0
BRDA:336,22,1,0
BRDA:344,23,0,0
BRDA:344,23,1,0
BRDA:354,24,0,0
BRDA:354,24,1,0
BRDA:354,25,0,0
BRDA:354,25,1,0
BRDA:362,26,0,0
BRDA:362,26,1,0
BRDA:372,27,0,0
BRDA:372,27,1,0
BRDA:378,28,0,0
BRDA:378,28,1,0
BRDA:392,29,0,0
BRDA:392,29,1,0
BRDA:398,30,0,0
BRDA:398,30,1,0
BRDA:413,31,0,0
BRDA:413,31,1,0
BRDA:413,32,0,0
BRDA:413,32,1,0
BRDA:414,33,0,0
BRDA:414,33,1,0
BRDA:418,34,0,0
BRDA:418,34,1,0
BRDA:429,35,0,0
BRDA:429,35,1,0
BRDA:430,36,0,0
BRDA:430,36,1,0
BRDA:430,37,0,0
BRDA:430,37,1,0
BRDA:432,38,0,0
BRDA:432,38,1,0
BRDA:432,39,0,0
BRDA:432,39,1,0
BRDA:433,40,0,0
BRDA:433,40,1,0
BRDA:440,41,0,0
BRDA:440,41,1,0
BRDA:440,42,0,0
BRDA:440,42,1,0
BRDA:441,43,0,0
BRDA:441,43,1,0
BRDA:445,44,0,0
BRDA:445,44,1,0
BRDA:446,45,0,0
BRDA:446,45,1,0
BRDA:462,46,0,0
BRDA:462,46,1,0
BRDA:463,47,0,0
BRDA:463,47,1,0
BRDA:464,48,0,0
BRDA:464,48,1,0
BRDA:473,49,0,0
BRDA:473,49,1,0
BRDA:477,50,0,0
BRDA:477,50,1,0
BRDA:478,51,0,0
BRDA:478,51,1,0
BRDA:479,52,0,0
BRDA:479,52,1,0
BRDA:487,53,0,0
BRDA:487,53,1,0
BRDA:494,54,0,0
BRDA:494,54,1,0
BRDA:495,55,0,0
BRDA:495,55,1,0
BRDA:511,56,0,0
BRDA:511,56,1,0
BRDA:515,57,0,0
BRDA:515,57,1,0
BRDA:515,58,0,0
BRDA:515,58,1,0
BRDA:521,59,0,0
BRDA:521,59,1,0
BRDA:526,60,0,0
BRDA:526,60,1,0
BRDA:526,61,0,0
BRDA:526,61,1,0
BRDA:533,62,0,0
BRDA:533,62,1,0
BRDA:542,63,0,0
BRDA:542,63,1,0
BRDA:544,64,0,0
BRDA:544,64,1,0
BRDA:556,65,0,0
BRDA:556,65,1,0
BRDA:583,66,0,0
BRDA:583,66,1,0
BRDA:586,67,0,0
BRDA:586,67,1,0
BRDA:587,68,0,0
BRDA:587,68,1,0
BRDA:588,69,0,0
BRDA:588,69,1,0
BRDA:589,70,0,0
BRDA:589,70,1,0
BRDA:591,71,0,0
BRDA:591,71,1,0
BRDA:603,72,0,0
BRDA:603,72,1,0
BRDA:610,73,0,0
BRDA:610,73,1,0
BRDA:611,74,0,0
BRDA:611,74,1,0
BRF:153
BRH:0
end_of_record
TN:
SF:services/dm/dm.types.ts
FN:253,getOtherParticipant
FN:271,getSenderUser
FNF:2
FNH:0
FNDA:0,getOtherParticipant
FNDA:0,getSenderUser
DA:238,0
DA:239,0
DA:240,0
DA:241,0
DA:242,0
DA:253,0
DA:258,0
DA:259,0
DA:260,0
DA:262,0
DA:265,0
DA:267,0
DA:271,0
DA:272,0
DA:273,0
DA:274,0
DA:276,0
LF:17
LH:0
BRDA:260,0,0,0
BRDA:260,0,1,0
BRDA:262,1,0,0
BRDA:262,1,1,0
BRDA:262,1,2,0
BRDA:262,1,3,0
BRDA:264,2,0,0
BRDA:264,2,1,0
BRDA:265,3,0,0
BRDA:265,3,1,0
BRDA:272,4,0,0
BRDA:272,4,1,0
BRDA:273,5,0,0
BRDA:273,5,1,0
BRDA:273,6,0,0
BRDA:273,6,1,0
BRF:16
BRH:0
end_of_record
TN:
SF:services/dm/messages.ts
FN:6,fetchMessages
FN:14,sendText
FN:22,sendMedia
FN:30,toggleReaction
FN:36,sendTyping
FN:40,sendRead
FNF:6
FNH:0
FNDA:0,fetchMessages
FNDA:0,sendText
FNDA:0,sendMedia
FNDA:0,toggleReaction
FNDA:0,sendTyping
FNDA:0,sendRead
DA:1,0
DA:6,0
DA:7,0
DA:8,0
DA:9,0
DA:10,0
DA:11,0
DA:14,0
DA:15,0
DA:22,0
DA:23,0
DA:30,0
DA:31,0
DA:32,0
DA:33,0
DA:36,0
DA:37,0
DA:40,0
DA:41,0
LF:19
LH:0
BRDA:6,0,0,0
BRDA:8,1,0,0
BRDA:8,1,1,0
BRDA:9,2,0,0
BRDA:9,2,1,0
BRDA:10,3,0,0
BRDA:10,3,1,0
BRDA:31,4,0,0
BRDA:31,4,1,0
BRF:9
BRH:0
end_of_record
TN:
SF:services/dm/transform.ts
FN:4,(anonymous_0)
FN:6,(anonymous_1)
FN:12,(anonymous_2)
FN:14,(anonymous_3)
FN:19,mapBackendUser
FN:35,mapContactToStore
FN:77,mapMessageToStore
FN:93,(anonymous_7)
FNF:8
FNH:0
FNDA:0,(anonymous_0)
FNDA:0,(anonymous_1)
FNDA:0,(anonymous_2)
FNDA:0,(anonymous_3)
FNDA:0,mapBackendUser
FNDA:0,mapContactToStore
FNDA:0,mapMessageToStore
FNDA:0,(anonymous_7)
DA:4,0
DA:5,0
DA:6,0
DA:8,0
DA:12,0
DA:14,0
DA:15,0
DA:16,0
DA:20,0
DA:21,0
DA:22,0
DA:23,0
DA:24,0
DA:25,0
DA:26,0
DA:35,0
DA:36,0
DA:37,0
DA:40,0
DA:41,0
DA:42,0
DA:44,0
DA:45,0
DA:46,0
DA:47,0
DA:48,0
DA:49,0
DA:50,0
DA:51,0
DA:55,0
DA:56,0
DA:57,0
DA:58,0
DA:59,0
DA:61,0
DA:73,0
DA:77,0
DA:78,0
DA:79,0
DA:80,0
DA:83,0
DA:84,0
DA:85,0
DA:88,0
DA:89,0
DA:90,0
DA:92,0
DA:93,0
DA:102,0
DA:104,0
DA:114,0
LF:51
LH:0
BRDA:6,0,0,0
BRDA:6,0,1,0
BRDA:6,1,0,0
BRDA:6,1,1,0
BRDA:12,2,0,0
BRDA:12,2,1,0
BRDA:15,3,0,0
BRDA:15,3,1,0
BRDA:16,4,0,0
BRDA:16,4,1,0
BRDA:16,5,0,0
BRDA:16,5,1,0
BRDA:16,6,0,0
BRDA:16,6,1,0
BRDA:20,7,0,0
BRDA:20,7,1,0
BRDA:20,7,2,0
BRDA:20,7,3,0
BRDA:22,8,0,0
BRDA:22,8,1,0
BRDA:23,9,0,0
BRDA:23,9,1,0
BRDA:23,9,2,0
BRDA:23,10,0,0
BRDA:23,10,1,0
BRDA:24,11,0,0
BRDA:24,11,1,0
BRDA:24,11,2,0
BRDA:24,11,3,0
BRDA:24,12,0,0
BRDA:24,12,1,0
BRDA:25,13,0,0
BRDA:25,13,1,0
BRDA:25,13,2,0
BRDA:36,14,0,0
BRDA:36,14,1,0
BRDA:37,15,0,0
BRDA:37,15,1,0
BRDA:40,16,0,0
BRDA:40,16,1,0
BRDA:40,17,0,0
BRDA:40,17,1,0
BRDA:45,18,0,0
BRDA:45,18,1,0
BRDA:45,18,2,0
BRDA:47,19,0,0
BRDA:47,19,1,0
BRDA:50,20,0,0
BRDA:50,20,1,0
BRDA:50,21,0,0
BRDA:50,21,1,0
BRDA:51,22,0,0
BRDA:51,22,1,0
BRDA:57,23,0,0
BRDA:57,23,1,0
BRDA:57,24,0,0
BRDA:57,24,1,0
BRDA:58,25,0,0
BRDA:58,25,1,0
BRDA:70,26,0,0
BRDA:70,26,1,0
BRDA:78,27,0,0
BRDA:78,27,1,0
BRDA:80,28,0,0
BRDA:80,28,1,0
BRDA:80,29,0,0
BRDA:80,29,1,0
BRDA:83,30,0,0
BRDA:83,30,1,0
BRDA:84,31,0,0
BRDA:84,31,1,0
BRDA:84,31,2,0
BRDA:85,32,0,0
BRDA:85,32,1,0
BRDA:85,33,0,0
BRDA:85,33,1,0
BRDA:88,34,0,0
BRDA:88,34,1,0
BRDA:89,35,0,0
BRDA:89,35,1,0
BRDA:90,36,0,0
BRDA:90,36,1,0
BRDA:90,36,2,0
BRDA:92,37,0,0
BRDA:92,37,1,0
BRDA:94,38,0,0
BRDA:94,38,1,0
BRDA:96,39,0,0
BRDA:96,39,1,0
BRDA:102,40,0,0
BRDA:102,40,1,0
BRDA:107,41,0,0
BRDA:107,41,1,0
BRDA:109,42,0,0
BRDA:109,42,1,0
BRDA:110,43,0,0
BRDA:110,43,1,0
BRF:97
BRH:0
end_of_record
TN:
SF:services/dm/upload.ts
FN:21,uploadDmMedia
FN:25,(anonymous_1)
FNF:2
FNH:0
FNDA:0,uploadDmMedia
FNDA:0,(anonymous_1)
DA:1,0
DA:2,0
DA:21,0
DA:22,0
DA:24,0
DA:25,0
DA:26,0
DA:27,0
DA:28,0
DA:30,0
DA:31,0
DA:32,0
DA:33,0
DA:34,0
DA:36,0
LF:15
LH:0
BRDA:26,0,0,0
BRDA:26,0,1,0
BRDA:26,1,0,0
BRDA:26,1,1,0
BRDA:27,2,0,0
BRDA:27,2,1,0
BRDA:27,3,0,0
BRDA:27,3,1,0
BRDA:32,4,0,0
BRDA:32,4,1,0
BRDA:33,5,0,0
BRDA:33,5,1,0
BRDA:34,6,0,0
BRDA:34,6,1,0
BRF:14
BRH:0
end_of_record
TN:
SF:services/enums/dm-preferences.enum.ts
FN:1,(anonymous_0)
FN:7,(anonymous_1)
FNF:2
FNH:0
FNDA:0,(anonymous_0)
FNDA:0,(anonymous_1)
DA:1,0
DA:2,0
DA:3,0
DA:4,0
DA:7,0
DA:8,0
DA:9,0
LF:7
LH:0
BRDA:1,0,0,0
BRDA:1,0,1,0
BRDA:7,1,0,0
BRDA:7,1,1,0
BRF:4
BRH:0
end_of_record
TN:
SF:services/enums/dm-socket-events.enum.ts
FN:3,(anonymous_0)
FNF:1
FNH:0
FNDA:0,(anonymous_0)
DA:3,0
DA:5,0
DA:6,0
DA:7,0
DA:8,0
DA:9,0
DA:10,0
DA:13,0
DA:16,0
DA:17,0
DA:18,0
DA:19,0
DA:20,0
DA:21,0
DA:24,0
DA:27,0
DA:28,0
DA:29,0
DA:30,0
DA:33,0
DA:34,0
DA:35,0
DA:36,0
DA:39,0
DA:40,0
DA:43,0
DA:47,0
LF:27
LH:0
BRDA:3,0,0,0
BRDA:3,0,1,0
BRF:2
BRH:0
end_of_record
TN:
SF:services/enums/livestream.enum.ts
FN:1,(anonymous_0)
FN:21,(anonymous_1)
FN:33,(anonymous_2)
FNF:3
FNH:0
FNDA:0,(anonymous_0)
FNDA:0,(anonymous_1)
FNDA:0,(anonymous_2)
DA:1,0
DA:2,0
DA:3,0
DA:4,0
DA:5,0
DA:6,0
DA:7,0
DA:8,0
DA:9,0
DA:10,0
DA:11,0
DA:12,0
DA:13,0
DA:14,0
DA:15,0
DA:16,0
DA:17,0
DA:18,0
DA:21,0
DA:22,0
DA:23,0
DA:24,0
DA:25,0
DA:26,0
DA:27,0
DA:28,0
DA:29,0
DA:30,0
DA:33,0
DA:34,0
DA:35,0
DA:36,0
DA:37,0
DA:38,0
LF:34
LH:0
BRDA:1,0,0,0
BRDA:1,0,1,0
BRDA:21,1,0,0
BRDA:21,1,1,0
BRDA:33,2,0,0
BRDA:33,2,1,0
BRF:6
BRH:0
end_of_record
TN:
SF:services/enums/notification.enums.ts
FN:1,(anonymous_0)
FN:26,(anonymous_1)
FN:67,(anonymous_2)
FNF:3
FNH:0
FNDA:0,(anonymous_0)
FNDA:0,(anonymous_1)
FNDA:0,(anonymous_2)
DA:1,0
DA:2,0
DA:3,0
DA:4,0
DA:5,0
DA:6,0
DA:7,0
DA:8,0
DA:9,0
DA:10,0
DA:11,0
DA:12,0
DA:13,0
DA:14,0
DA:15,0
DA:16,0
DA:17,0
DA:18,0
DA:19,0
DA:20,0
DA:21,0
DA:22,0
DA:23,0
DA:26,0
DA:27,0
DA:28,0
DA:29,0
DA:30,0
DA:31,0
DA:32,0
DA:37,0
DA:51,0
DA:57,0
DA:63,0
DA:67,0
DA:71,0
DA:73,0
DA:75,0
DA:78,0
DA:80,0
DA:82,0
DA:84,0
DA:86,0
DA:88,0
DA:90,0
DA:92,0
DA:94,0
DA:96,0
DA:98,0
DA:101,0
DA:103,0
DA:105,0
DA:107,0
DA:109,0
DA:111,0
DA:113,0
DA:115,0
LF:57
LH:0
BRDA:1,0,0,0
BRDA:1,0,1,0
BRDA:26,1,0,0
BRDA:26,1,1,0
BRDA:71,2,0,0
BRDA:71,2,1,0
BRDA:71,2,2,0
BRDA:71,2,3,0
BRDA:71,2,4,0
BRDA:71,2,5,0
BRDA:71,2,6,0
BRDA:71,2,7,0
BRDA:71,2,8,0
BRDA:71,2,9,0
BRDA:71,2,10,0
BRDA:71,2,11,0
BRDA:71,2,12,0
BRDA:71,2,13,0
BRDA:71,2,14,0
BRDA:71,2,15,0
BRDA:71,2,16,0
BRDA:71,2,17,0
BRDA:71,2,18,0
BRDA:71,2,19,0
BRDA:71,2,20,0
BRDA:71,2,21,0
BRDA:71,2,22,0
BRF:27
BRH:0
end_of_record
TN:
SF:services/push/push.service.ts
FN:83,(anonymous_10)
FN:102,isValidExpoPushToken
FN:110,getCachedPushToken
FN:121,registerForPushNotifications
FN:149,doRegisterForPushNotifications
FN:202,setupAndroidChannels
FN:279,registerPushTokenWithBackend
FN:331,clearPushTokenCache
FN:340,unregisterPushTokens
FN:354,unregisterCurrentDeviceToken
FN:369,getDefaultNotificationPreferences
FN:409,updateNotificationPreferences
FN:437,getBadgeCount
FN:448,setBadgeCount
FN:461,clearBadge
FN:468,dismissAllNotifications
FN:480,dismissNotification
FN:491,getPresentedNotifications
FN:503,sendLocalNotification
FN:528,arePushNotificationsEnabled
FN:542,getNotificationPermissionStatus
FNF:21
FNH:0
FNDA:0,(anonymous_10)
FNDA:0,isValidExpoPushToken
FNDA:0,getCachedPushToken
FNDA:0,registerForPushNotifications
FNDA:0,doRegisterForPushNotifications
FNDA:0,setupAndroidChannels
FNDA:0,registerPushTokenWithBackend
FNDA:0,clearPushTokenCache
FNDA:0,unregisterPushTokens
FNDA:0,unregisterCurrentDeviceToken
FNDA:0,getDefaultNotificationPreferences
FNDA:0,updateNotificationPreferences
FNDA:0,getBadgeCount
FNDA:0,setBadgeCount
FNDA:0,clearBadge
FNDA:0,dismissAllNotifications
FNDA:0,dismissNotification
FNDA:0,getPresentedNotifications
FNDA:0,sendLocalNotification
FNDA:0,arePushNotificationsEnabled
FNDA:0,getNotificationPermissionStatus
DA:1,0
DA:2,0
DA:3,0
DA:4,0
DA:5,0
DA:6,0
DA:8,0
DA:82,0
DA:83,0
DA:93,0
DA:94,0
DA:95,0
DA:96,0
DA:102,0
DA:103,0
DA:104,0
DA:110,0
DA:111,0
DA:121,0
DA:123,0
DA:124,0
DA:128,0
DA:129,0
DA:133,0
DA:134,0
DA:136,0
DA:137,0
DA:138,0
DA:139,0
DA:141,0
DA:142,0
DA:151,0
DA:152,0
DA:153,0
DA:156,0
DA:158,0
DA:159,0
DA:162,0
DA:163,0
DA:164,0
DA:165,0
DA:168,0
DA:169,0
DA:170,0
DA:174,0
DA:175,0
DA:176,0
DA:177,0
DA:180,0
DA:181,0
DA:183,0
DA:186,0
DA:187,0
DA:188,0
DA:191,0
DA:193,0
DA:194,0
DA:203,0
DA:205,0
DA:215,0
DA:225,0
DA:235,0
DA:245,0
DA:255,0
DA:263,0
DA:265,0
DA:270,0
DA:271,0
DA:279,0
DA:281,0
DA:282,0
DA:283,0
DA:287,0
DA:288,0
DA:289,0
DA:293,0
DA:294,0
DA:295,0
DA:298,0
DA:300,0
DA:301,0
DA:303,0
DA:310,0
DA:312,0
DA:313,0
DA:314,0
DA:315,0
DA:318,0
DA:319,0
DA:321,0
DA:322,0
DA:324,0
DA:331,0
DA:332,0
DA:333,0
DA:334,0
DA:340,0
DA:341,0
DA:342,0
DA:343,0
DA:344,0
DA:346,0
DA:347,0
DA:354,0
DA:355,0
DA:356,0
DA:357,0
DA:358,0
DA:359,0
DA:361,0
DA:362,0
DA:369,0
DA:370,0
DA:386,0
DA:391,0
DA:409,0
DA:412,0
DA:413,0
DA:414,0
DA:416,0
DA:422,0
DA:423,0
DA:424,0
DA:427,0
DA:429,0
DA:430,0
DA:437,0
DA:438,0
DA:439,0
DA:441,0
DA:448,0
DA:449,0
DA:450,0
DA:451,0
DA:453,0
DA:454,0
DA:461,0
DA:462,0
DA:468,0
DA:469,0
DA:470,0
DA:471,0
DA:473,0
DA:480,0
DA:481,0
DA:482,0
DA:484,0
DA:491,0
DA:492,0
DA:493,0
DA:495,0
DA:496,0
DA:503,0
DA:508,0
DA:509,0
DA:518,0
DA:520,0
DA:521,0
DA:528,0
DA:529,0
DA:531,0
DA:532,0
DA:533,0
DA:535,0
DA:542,0
DA:547,0
DA:548,0
DA:549,0
DA:555,0
DA:563,0
LF:170
LH:0
BRDA:103,0,0,0
BRDA:103,0,1,0
BRDA:103,1,0,0
BRDA:103,1,1,0
BRDA:104,2,0,0
BRDA:104,2,1,0
BRDA:123,3,0,0
BRDA:123,3,1,0
BRDA:128,4,0,0
BRDA:128,4,1,0
BRDA:128,5,0,0
BRDA:128,5,1,0
BRDA:151,6,0,0
BRDA:151,6,1,0
BRDA:162,7,0,0
BRDA:162,7,1,0
BRDA:168,8,0,0
BRDA:168,8,1,0
BRDA:175,9,0,0
BRDA:175,9,1,0
BRDA:186,10,0,0
BRDA:186,10,1,0
BRDA:186,11,0,0
BRDA:186,11,1,0
BRDA:281,12,0,0
BRDA:281,12,1,0
BRDA:287,13,0,0
BRDA:287,13,1,0
BRDA:293,14,0,0
BRDA:293,14,1,0
BRDA:301,15,0,0
BRDA:301,15,1,0
BRDA:307,16,0,0
BRDA:307,16,1,0
BRDA:312,17,0,0
BRDA:312,17,1,0
BRDA:356,18,0,0
BRDA:356,18,1,0
BRDA:422,19,0,0
BRDA:422,19,1,0
BRDA:422,20,0,0
BRDA:422,20,1,0
BRDA:529,21,0,0
BRDA:529,21,1,0
BRDA:551,22,0,0
BRDA:551,22,1,0
BRF:46
BRH:0
end_of_record
TN:
SF:services/ws/chat.socket.ts
FN:11,registerGlobalSocketHandlers
FN:15,(anonymous_1)
FN:18,(anonymous_2)
FN:21,(anonymous_3)
FN:24,(anonymous_4)
FN:27,(anonymous_5)
FN:30,(anonymous_6)
FN:33,(anonymous_7)
FN:41,useChatSocket
FN:43,(anonymous_9)
FNF:10
FNH:0
FNDA:0,registerGlobalSocketHandlers
FNDA:0,(anonymous_1)
FNDA:0,(anonymous_2)
FNDA:0,(anonymous_3)
FNDA:0,(anonymous_4)
FNDA:0,(anonymous_5)
FNDA:0,(anonymous_6)
FNDA:0,(anonymous_7)
FNDA:0,useChatSocket
FNDA:0,(anonymous_9)
DA:1,0
DA:3,0
DA:4,0
DA:5,0
DA:7,0
DA:9,0
DA:12,0
DA:13,0
DA:15,0
DA:16,0
DA:18,0
DA:19,0
DA:21,0
DA:22,0
DA:24,0
DA:25,0
DA:27,0
DA:30,0
DA:31,0
DA:33,0
DA:34,0
DA:35,0
DA:38,0
DA:41,0
DA:42,0
DA:43,0
DA:44,0
LF:27
LH:0
BRDA:12,0,0,0
BRDA:12,0,1,0
BRDA:35,1,0,0
BRDA:35,1,1,0
BRDA:35,2,0,0
BRDA:35,2,1,0
BRF:6
BRH:0
end_of_record
TN:
SF:services/ws/socket-client.ts
FN:42,(anonymous_1)
FN:49,(anonymous_2)
FN:55,(anonymous_3)
FN:64,(anonymous_4)
FN:115,(anonymous_5)
FN:121,(anonymous_6)
FN:122,(anonymous_7)
FN:146,(anonymous_8)
FN:148,(anonymous_9)
FN:158,(anonymous_10)
FN:167,(anonymous_11)
FN:182,(anonymous_12)
FN:188,(anonymous_13)
FN:192,(anonymous_14)
FN:196,(anonymous_15)
FN:201,(anonymous_16)
FN:210,(anonymous_17)
FN:213,(anonymous_18)
FN:216,(anonymous_19)
FN:220,(anonymous_20)
FN:228,(anonymous_21)
FN:239,(anonymous_22)
FN:258,(anonymous_23)
FN:268,(anonymous_24)
FN:275,(anonymous_25)
FN:278,(anonymous_26)
FN:285,(anonymous_27)
FN:293,(anonymous_28)
FN:296,(anonymous_29)
FN:297,(anonymous_30)
FN:300,(anonymous_31)
FN:311,(anonymous_32)
FN:319,(anonymous_33)
FN:324,(anonymous_34)
FN:341,(anonymous_35)
FN:352,(anonymous_36)
FN:373,(anonymous_37)
FN:376,(anonymous_38)
FN:384,(anonymous_39)
FN:391,(anonymous_40)
FN:405,(anonymous_41)
FN:422,(anonymous_42)
FN:436,(anonymous_43)
FN:439,(anonymous_44)
FN:448,(anonymous_45)
FN:455,(anonymous_46)
FNF:46
FNH:0
FNDA:0,(anonymous_1)
FNDA:0,(anonymous_2)
FNDA:0,(anonymous_3)
FNDA:0,(anonymous_4)
FNDA:0,(anonymous_5)
FNDA:0,(anonymous_6)
FNDA:0,(anonymous_7)
FNDA:0,(anonymous_8)
FNDA:0,(anonymous_9)
FNDA:0,(anonymous_10)
FNDA:0,(anonymous_11)
FNDA:0,(anonymous_12)
FNDA:0,(anonymous_13)
FNDA:0,(anonymous_14)
FNDA:0,(anonymous_15)
FNDA:0,(anonymous_16)
FNDA:0,(anonymous_17)
FNDA:0,(anonymous_18)
FNDA:0,(anonymous_19)
FNDA:0,(anonymous_20)
FNDA:0,(anonymous_21)
FNDA:0,(anonymous_22)
FNDA:0,(anonymous_23)
FNDA:0,(anonymous_24)
FNDA:0,(anonymous_25)
FNDA:0,(anonymous_26)
FNDA:0,(anonymous_27)
FNDA:0,(anonymous_28)
FNDA:0,(anonymous_29)
FNDA:0,(anonymous_30)
FNDA:0,(anonymous_31)
FNDA:0,(anonymous_32)
FNDA:0,(anonymous_33)
FNDA:0,(anonymous_34)
FNDA:0,(anonymous_35)
FNDA:0,(anonymous_36)
FNDA:0,(anonymous_37)
FNDA:0,(anonymous_38)
FNDA:0,(anonymous_39)
FNDA:0,(anonymous_40)
FNDA:0,(anonymous_41)
FNDA:0,(anonymous_42)
FNDA:0,(anonymous_43)
FNDA:0,(anonymous_44)
FNDA:0,(anonymous_45)
FNDA:0,(anonymous_46)
DA:1,0
DA:2,0
DA:3,0
DA:5,0
DA:6,0
DA:8,0
DA:9,0
DA:24,0
DA:25,0
DA:29,0
DA:30,0
DA:31,0
DA:32,0
DA:33,0
DA:34,0
DA:36,0
DA:37,0
DA:38,0
DA:39,0
DA:40,0
DA:43,0
DA:49,0
DA:52,0
DA:57,0
DA:58,0
DA:59,0
DA:62,0
DA:66,0
DA:67,0
DA:69,0
DA:70,0
DA:71,0
DA:72,0
DA:74,0
DA:75,0
DA:76,0
DA:78,0
DA:79,0
DA:80,0
DA:82,0
DA:83,0
DA:85,0
DA:94,0
DA:115,0
DA:117,0
DA:121,0
DA:122,0
DA:124,0
DA:125,0
DA:126,0
DA:129,0
DA:146,0
DA:148,0
DA:149,0
DA:150,0
DA:151,0
DA:152,0
DA:153,0
DA:154,0
DA:155,0
DA:158,0
DA:159,0
DA:160,0
DA:161,0
DA:162,0
DA:163,0
DA:164,0
DA:167,0
DA:168,0
DA:169,0
DA:170,0
DA:171,0
DA:172,0
DA:173,0
DA:174,0
DA:175,0
DA:177,0
DA:182,0
DA:183,0
DA:184,0
DA:185,0
DA:188,0
DA:189,0
DA:192,0
DA:196,0
DA:197,0
DA:201,0
DA:202,0
DA:203,0
DA:208,0
DA:209,0
DA:210,0
DA:211,0
DA:213,0
DA:214,0
DA:216,0
DA:217,0
DA:220,0
DA:221,0
DA:222,0
DA:227,0
DA:228,0
DA:231,0
DA:232,0
DA:233,0
DA:240,0
DA:245,0
DA:246,0
DA:247,0
DA:249,0
DA:250,0
DA:251,0
DA:252,0
DA:259,0
DA:260,0
DA:261,0
DA:263,0
DA:264,0
DA:265,0
DA:269,0
DA:270,0
DA:271,0
DA:272,0
DA:276,0
DA:278,0
DA:279,0
DA:281,0
DA:286,0
DA:287,0
DA:288,0
DA:294,0
DA:295,0
DA:296,0
DA:297,0
DA:301,0
DA:302,0
DA:303,0
DA:312,0
DA:313,0
DA:314,0
DA:316,0
DA:318,0
DA:319,0
DA:320,0
DA:321,0
DA:322,0
DA:325,0
DA:326,0
DA:331,0
DA:332,0
DA:334,0
DA:336,0
DA:340,0
DA:341,0
DA:342,0
DA:343,0
DA:344,0
DA:348,0
DA:351,0
DA:352,0
DA:353,0
DA:354,0
DA:355,0
DA:356,0
DA:357,0
DA:358,0
DA:363,0
DA:364,0
DA:365,0
DA:366,0
DA:367,0
DA:374,0
DA:375,0
DA:376,0
DA:377,0
DA:378,0
DA:379,0
DA:385,0
DA:386,0
DA:387,0
DA:392,0
DA:393,0
DA:394,0
DA:395,0
DA:396,0
DA:397,0
DA:398,0
DA:399,0
DA:400,0
DA:401,0
DA:402,0
DA:411,0
DA:412,0
DA:413,0
DA:415,0
DA:416,0
DA:418,0
DA:423,0
DA:424,0
DA:425,0
DA:426,0
DA:427,0
DA:428,0
DA:429,0
DA:431,0
DA:437,0
DA:438,0
DA:439,0
DA:440,0
DA:441,0
DA:443,0
DA:449,0
DA:450,0
DA:451,0
DA:452,0
DA:454,0
DA:455,0
DA:456,0
LF:218
LH:0
BRDA:8,0,0,0
BRDA:8,0,1,0
BRDA:52,1,0,0
BRDA:52,1,1,0
BRDA:57,2,0,0
BRDA:57,2,1,0
BRDA:58,3,0,0
BRDA:58,3,1,0
BRDA:70,4,0,0
BRDA:70,4,1,0
BRDA:75,5,0,0
BRDA:75,5,1,0
BRDA:76,6,0,0
BRDA:76,6,1,0
BRDA:124,7,0,0
BRDA:124,7,1,0
BRDA:173,8,0,0
BRDA:173,8,1,0
BRDA:189,9,0,0
BRDA:189,9,1,0
BRDA:209,10,0,0
BRDA:209,10,1,0
BRDA:217,11,0,0
BRDA:217,11,1,0
BRDA:222,12,0,0
BRDA:222,12,1,0
BRDA:222,13,0,0
BRDA:222,13,1,0
BRDA:231,14,0,0
BRDA:231,14,1,0
BRDA:232,15,0,0
BRDA:232,15,1,0
BRDA:232,16,0,0
BRDA:232,16,1,0
BRDA:232,17,0,0
BRDA:232,17,1,0
BRDA:245,18,0,0
BRDA:245,18,1,0
BRDA:245,19,0,0
BRDA:245,19,1,0
BRDA:246,20,0,0
BRDA:246,20,1,0
BRDA:246,21,0,0
BRDA:246,21,1,0
BRDA:247,22,0,0
BRDA:247,22,1,0
BRDA:279,23,0,0
BRDA:279,23,1,0
BRDA:286,24,0,0
BRDA:286,24,1,0
BRDA:295,25,0,0
BRDA:295,25,1,0
BRDA:301,26,0,0
BRDA:301,26,1,0
BRDA:311,27,0,0
BRDA:312,28,0,0
BRDA:312,28,1,0
BRDA:312,29,0,0
BRDA:312,29,1,0
BRDA:320,30,0,0
BRDA:320,30,1,0
BRDA:325,31,0,0
BRDA:325,31,1,0
BRDA:342,32,0,0
BRDA:342,32,1,0
BRDA:353,33,0,0
BRDA:353,33,1,0
BRDA:363,34,0,0
BRDA:363,34,1,0
BRDA:375,35,0,0
BRDA:375,35,1,0
BRDA:377,36,0,0
BRDA:377,36,1,0
BRDA:385,37,0,0
BRDA:385,37,1,0
BRDA:392,38,0,0
BRDA:392,38,1,0
BRDA:394,39,0,0
BRDA:394,39,1,0
BRDA:395,40,0,0
BRDA:395,40,1,0
BRDA:395,41,0,0
BRDA:395,41,1,0
BRDA:411,42,0,0
BRDA:411,42,1,0
BRDA:411,43,0,0
BRDA:411,43,1,0
BRDA:415,44,0,0
BRDA:415,44,1,0
BRDA:423,45,0,0
BRDA:423,45,1,0
BRDA:426,46,0,0
BRDA:426,46,1,0
BRDA:428,47,0,0
BRDA:428,47,1,0
BRDA:438,48,0,0
BRDA:438,48,1,0
BRDA:450,49,0,0
BRDA:450,49,1,0
BRF:99
BRH:0
end_of_record
